This is pdfTeX, Version 3.141592653-2.6-1.40.26 (TeX Live 2024) (preloaded format=pdflatex 2025.3.8)  11 MAR 2025 11:14
entering extended mode
 restricted \write18 enabled.
 file:line:error style messages enabled.
 %&-line parsing enabled.
**c:/Users/PC-PC/Desktop/latex/dissertacao
(c:/Users/PC-PC/Desktop/latex/dissertacao.tex
LaTeX2e <2024-11-01> patch level 2
L3 programming layer <2025-01-18>
(c:/texlive/2024/texmf-dist/tex/latex/abntex2/abntex2.cls
Document Class: abntex2 2018/11/24 v-1.9.7 abnTeX2
(c:/texlive/2024/texmf-dist/tex/latex/base/ifthen.sty
Package: ifthen 2024/03/16 v1.1e Standard LaTeX ifthen package (DPC)
) (c:/texlive/2024/texmf-dist/tex/latex/memoir/memoir.cls
Document Class: memoir 2025/03/06 v3.8.3 configurable book, report, article document class
(c:/texlive/2024/texmf-dist/tex/latex/xpatch/xpatch.sty (c:/texlive/2024/texmf-dist/tex/latex/l3kernel/expl3.sty
Package: expl3 2025-01-18 L3 programming layer (loader) 
 (c:/texlive/2024/texmf-dist/tex/latex/l3backend/l3backend-pdftex.def
File: l3backend-pdftex.def 2024-05-08 L3 backend support: PDF output (pdfTeX)
\l__color_backend_stack_int=\count196
\l__pdf_internal_box=\box52
))
Package: xpatch 2020/03/25 v0.3a Extending etoolbox patching commands
 (c:/texlive/2024/texmf-dist/tex/latex/l3packages/xparse/xparse.sty
Package: xparse 2024-08-16 L3 Experimental document command parser
) (c:/texlive/2024/texmf-dist/tex/latex/etoolbox/etoolbox.sty
Package: etoolbox 2025/02/11 v2.5l e-TeX tools for LaTeX (JAW)
\etb@tempcnta=\count197
))
\onelineskip=\skip49
\lxvchars=\skip50
\xlvchars=\skip51
\@memcnta=\count198
\c@@memmarkcntra=\count199
 (c:/texlive/2024/texmf-dist/tex/generic/iftex/iftex.sty
Package: iftex 2024/12/12 v1.0g TeX engine tests
)
\trimtop=\skip52
\trimedge=\skip53
 (c:/texlive/2024/texmf-dist/tex/latex/memoir/mem12.clo
File: mem12.clo 2022/07/29 v0.5 memoir class 12pt size option
)
\binding=\skip54
\spinemargin=\skip55
\foremargin=\skip56
\uppermargin=\skip57
\lowermargin=\skip58
\headdrop=\skip59
\normalrulethickness=\skip60
\mem@maxheadheight=\skip61
\mem@maxfootheight=\skip62
\headwidth=\skip63
\c@storedpagenumber=\count266
\memPD=\dimen141
\m@mabparskip=\skip64
\thanksmarkwidth=\skip65
\thanksmarksep=\skip66
\droptitle=\skip67
\c@book=\count267
\c@part=\count268
\c@chapter=\count269
\c@section=\count270
\c@subsection=\count271
\c@subsubsection=\count272
\c@paragraph=\count273
\c@subparagraph=\count274
\beforechapskip=\skip68
\midchapskip=\skip69
\afterchapskip=\skip70
\chapindent=\skip71
\bottomsectionskip=\skip72
\secindent=\skip73
\beforesecskip=\skip74
\aftersecskip=\skip75
\subsecindent=\skip76
\beforesubsecskip=\skip77
\aftersubsecskip=\skip78
\subsubsecindent=\skip79
\beforesubsubsecskip=\skip80
\aftersubsubsecskip=\skip81
\paraindent=\skip82
\beforeparaskip=\skip83
\afterparaskip=\skip84
\subparaindent=\skip85
\beforesubparaskip=\skip86
\aftersubparaskip=\skip87
\pfbreakskip=\skip88
\c@@ppsavesec=\count275
\c@@ppsaveapp=\count276
\ragrparindent=\dimen142
\everylistparindent=\dimen143
\parsepi=\skip89
\topsepi=\skip90
\itemsepi=\skip91
\parsepii=\skip92
\topsepii=\skip93
\topsepiii=\skip94
\itemsepii=\skip95
\itemsepiii=\skip96
\partopsepii=\skip97
\partopsepiii=\skip98
\m@msavetopsep=\skip99
\m@msavepartopsep=\skip100
\@enLab=\toks17
\abstitleskip=\skip101
\absleftindent=\skip102
\abs@leftindent=\dimen144
\absrightindent=\skip103
\absparindent=\skip104
\absparsep=\skip105
\c@vslineno=\count277
\c@poemline=\count278
\c@modulo@vs=\count279
\c@memfvsline=\count280
\vleftskip=\skip106
\vrightskip=\skip107
\stanzaskip=\skip108
\versewidth=\skip109
\vgap=\skip110
\vindent=\skip111
\vleftmargin=\dimen145
\c@verse=\count281
\c@chrsinstr=\count282
\beforepoemtitleskip=\skip112
\afterpoemtitleskip=\skip113
\c@poem=\count283
\beforePoemTitleskip=\skip114
\midPoemTitleskip=\skip115
\afterPoemTitleskip=\skip116
 (c:/texlive/2024/texmf-dist/tex/latex/tools/array.sty
Package: array 2024/10/17 v2.6g Tabular extension package (FMi)
\col@sep=\dimen146
\ar@mcellbox=\box53
\extrarowheight=\dimen147
\NC@list=\toks18
\extratabsurround=\skip117
\backup@length=\skip118
\ar@cellbox=\box54
) (c:/texlive/2024/texmf-dist/tex/latex/tools/dcolumn.sty
Package: dcolumn 2023/07/08 v1.06 decimal alignment package (DPC)
) (c:/texlive/2024/texmf-dist/tex/latex/tools/delarray.sty
Package: delarray 2014/10/28 v1.01 array delimiter package (DPC)
) (c:/texlive/2024/texmf-dist/tex/latex/tools/tabularx.sty
Package: tabularx 2023/12/11 v2.12a `tabularx' package (DPC)
\TX@col@width=\dimen148
\TX@old@table=\dimen149
\TX@old@col=\dimen150
\TX@target=\dimen151
\TX@delta=\dimen152
\TX@cols=\count284
\TX@ftn=\toks19
) (c:/texlive/2024/texmf-dist/tex/latex/booktabs/booktabs.sty
Package: booktabs 2020/01/12 v1.61803398 Publication quality tables
\heavyrulewidth=\dimen153
\lightrulewidth=\dimen154
\cmidrulewidth=\dimen155
\belowrulesep=\dimen156
\belowbottomsep=\dimen157
\aboverulesep=\dimen158
\abovetopsep=\dimen159
\cmidrulesep=\dimen160
\cmidrulekern=\dimen161
\defaultaddspace=\dimen162
\@cmidla=\count285
\@cmidlb=\count286
\@aboverulesep=\dimen163
\@belowrulesep=\dimen164
\@thisruleclass=\count287
\@lastruleclass=\count288
\@thisrulewidth=\dimen165
)
\ctableftskip=\skip119
\ctabrightskip=\skip120
\abovecolumnspenalty=\count289
\@linestogo=\count290
\@cellstogo=\count291
\@cellsincolumn=\count292
\crtok=\toks20
\@mincolumnwidth=\dimen166
\c@newflo@tctr=\count293
\mem@margin@floatbox=\box55
\@contcwidth=\skip121
\@contindw=\skip122
\abovecaptionskip=\skip123
\belowcaptionskip=\skip124
\subfloattopskip=\skip125
\subfloatcapskip=\skip126
\subfloatcaptopadj=\skip127
\subfloatbottomskip=\skip128
\subfloatlabelskip=\skip129
\subfloatcapmargin=\dimen167
\c@@contsubnum=\count294
\m@mscap@capbox=\box56
\m@mscap@fbox=\box57
\sidecapsep=\dimen168
\sidecapwidth=\dimen169
\m@m@tempdima=\dimen170
\m@mscapraise=\dimen171
\sidecapraise=\dimen172
\m@mscapmainwidth=\dimen173
\m@mscaplkern=\dimen174
\beforeepigraphskip=\skip130
\afterepigraphskip=\skip131
\epigraphwidth=\skip132
\epigraphrule=\skip133
LaTeX Info: Redefining \em on input line 7017.
LaTeX Info: Redefining \emph on input line 7025.
 (c:/texlive/2024/texmf-dist/tex/latex/hyperref/nameref.sty
Package: nameref 2023-11-26 v2.56 Cross-referencing by name of section
 (c:/texlive/2024/texmf-dist/tex/latex/refcount/refcount.sty
Package: refcount 2019/12/15 v3.6 Data extraction from label references (HO)
 (c:/texlive/2024/texmf-dist/tex/generic/ltxcmds/ltxcmds.sty
Package: ltxcmds 2023-12-04 v1.26 LaTeX kernel commands for general use (HO)
) (c:/texlive/2024/texmf-dist/tex/generic/infwarerr/infwarerr.sty
Package: infwarerr 2019/12/03 v1.5 Providing info/warning/error messages (HO)
)) (c:/texlive/2024/texmf-dist/tex/generic/gettitlestring/gettitlestring.sty
Package: gettitlestring 2019/12/15 v1.6 Cleanup title references (HO)
 (c:/texlive/2024/texmf-dist/tex/latex/kvoptions/kvoptions.sty
Package: kvoptions 2022-06-15 v3.15 Key value format for package options (HO)
 (c:/texlive/2024/texmf-dist/tex/latex/graphics/keyval.sty
Package: keyval 2022/05/29 v1.15 key=value parser (DPC)
\KV@toks@=\toks21
) (c:/texlive/2024/texmf-dist/tex/latex/kvsetkeys/kvsetkeys.sty
Package: kvsetkeys 2022-10-05 v1.19 Key value parser (HO)
)))
\c@section@level=\count295
)
\tocentryskip=\skip134
\tocbaseline=\skip135
\cftparskip=\skip136
\cftbeforebookskip=\skip137
\cftbookindent=\dimen175
\cftbooknumwidth=\dimen176
\cftbeforepartskip=\skip138
\cftpartindent=\skip139
\cftpartnumwidth=\skip140
\cftbeforechapterskip=\skip141
\cftchapterindent=\skip142
\cftchapternumwidth=\skip143
\cftbeforesectionskip=\skip144
\cftsectionindent=\skip145
\cftsectionnumwidth=\skip146
\cftbeforesubsectionskip=\skip147
\cftsubsectionindent=\skip148
\cftsubsectionnumwidth=\skip149
\cftbeforesubsubsectionskip=\skip150
\cftsubsubsectionindent=\skip151
\cftsubsubsectionnumwidth=\skip152
\cftbeforeparagraphskip=\skip153
\cftparagraphindent=\skip154
\cftparagraphnumwidth=\skip155
\cftbeforesubparagraphskip=\skip156
\cftsubparagraphindent=\skip157
\cftsubparagraphnumwidth=\skip158
\prechapterprecisshift=\dimen177
\c@maxsecnumdepth=\count296
\bibindent=\dimen178
\bibitemsep=\skip159
\indexcolsep=\skip160
\indexrule=\skip161
\indexmarkstyle=\toks22
\@indexbox=\insert252
LaTeX Info: Redefining \raggedbottom on input line 8107.
LaTeX Info: Redefining \flushbottom on input line 8111.
\glossarycolsep=\dimen179
\glossaryrule=\dimen180
\sideparvshift=\skip162
\sideins=\insert251
\sidebartopsep=\skip163
\sidebarhsep=\skip164
\sidebarvsep=\skip165
\sidebarwidth=\skip166
\footmarkwidth=\skip167
\footmarksep=\skip168
\footparindent=\skip169
\footinsdim=\skip170
\footinsv@r=\insert250
\@mpfootinsv@r=\insert249
\m@m@k=\count297
\m@m@h=\dimen181
\m@mipn@skip=\skip171
\sidefootins=\insert248
\sidefootadjust=\skip172
\sidefootheight=\skip173
\sidefoothsep=\skip174
\sidefootvsep=\skip175
\sidefootwidth=\skip176
\m@mdownsf=\skip177
\c@sidefootnote=\count298
\sidefootmarkwidth=\skip178
\sidefootmarksep=\skip179
\sidefootparindent=\skip180
\c@pagenote=\count299
\c@pagenoteshadow=\count300
\mem@pn@lastkern=\skip181
 (c:/texlive/2024/texmf-dist/tex/latex/tools/verbatim.sty
Package: verbatim 2024-01-22 v1.5x LaTeX2e package for verbatim enhancements
\every@verbatim=\toks23
\verbatim@line=\toks24
\verbatim@in@stream=\read2
)
\verbatimindent=\skip182
\verbatim@out=\write3
 (c:/texlive/2024/texmf-dist/tex/latex/base/shortvrb.sty
Package: shortvrb 2024/10/23 v3.0q Standard LaTeX documentation package V3 (FMi)
)
\bvboxsep=\skip183
\c@memfbvline=\count301
\c@bvlinectr=\count302
\bvnumlength=\skip184
\fb@frw=\dimen182
\fb@frh=\dimen183
\FrameRule=\dimen184
\FrameSep=\dimen185
\c@cp@cntr=\count303
\c@ism@mctr=\count304
\c@xsm@mctr=\count305
\c@csm@mctr=\count306
\c@ksm@mctr=\count307
\c@xksm@mctr=\count308
\c@cksm@mctr=\count309
\c@msm@mctr=\count310
\c@xmsm@mctr=\count311
\c@cmsm@mctr=\count312
\c@bsm@mctr=\count313
\c@workm@mctr=\count314
\c@sheetsequence=\count315
\c@lastsheet=\count316
\c@lastpage=\count317
 (c:/texlive/2024/texmf-dist/tex/latex/textcase/textcase.sty
Package: textcase 2025/02/16 v1.05 Text only upper/lower case changing (DPC)
Package textcase Info: Defining Legacy names on input line 20.
)
\c@figure=\count318
\c@lofdepth=\count319
\cftbeforefigureskip=\skip185
\cftfigureindent=\skip186
\cftfigurenumwidth=\skip187
\c@table=\count320
\c@lotdepth=\count321
\cftbeforetableskip=\skip188
\cfttableindent=\skip189
\cfttablenumwidth=\skip190
Package abstract [2008/07/23] emulated by memoir.
Package appendix [2008/07/23] emulated by memoir.
Package ccaption [2008/07/23] emulated by memoir.
Package changepage [2008/07/23] emulated by memoir.
Package chngcntr [2008/07/23] emulated by memoir.
Package chngpage [2008/07/23] emulated by memoir.
Package crop emulated by memoir.
Package enumerate [2008/07/23] emulated by memoir.
Package epigraph [2008/07/23] emulated by memoir.
Package ifmtarg [2008/07/23] emulated by memoir.
Package index [2008/07/23] emulated by memoir.
Package makeidx [2008/07/23] emulated by memoir.
Package moreverb [2008/07/23] emulated by memoir.
Package needspace [2008/07/23] emulated by memoir.
Package newfile [2008/07/23] emulated by memoir.
Package nextpage [2008/07/23] emulated by memoir.
Package pagenote [2008/07/23] emulated by memoir.
Package parskip [2008/07/23] emulated by memoir.
Package patchcmd [2008/07/23] emulated by memoir.
Package setspace [2008/07/23] emulated by memoir.
Package showidx [2008/07/23] emulated by memoir.
Package titleref [2008/07/23] emulated by memoir.
Package titling [2008/07/23] emulated by memoir.
Package tocbibind [2008/07/23] emulated by memoir.
Package tocloft [2008/07/23] emulated by memoir.
Package tocvsec2 [2008/07/23] emulated by memoir.
Package verse [2008/07/23] emulated by memoir.
) (c:/texlive/2024/texmf-dist/tex/latex/hyperref/hyperref.sty
Package: hyperref 2024-11-05 v7.01l Hypertext links for LaTeX
 (c:/texlive/2024/texmf-dist/tex/generic/kvdefinekeys/kvdefinekeys.sty
Package: kvdefinekeys 2019-12-19 v1.6 Define keys (HO)
) (c:/texlive/2024/texmf-dist/tex/generic/pdfescape/pdfescape.sty
Package: pdfescape 2019/12/09 v1.15 Implements pdfTeX's escape features (HO)
 (c:/texlive/2024/texmf-dist/tex/generic/pdftexcmds/pdftexcmds.sty
Package: pdftexcmds 2020-06-27 v0.33 Utility functions of pdfTeX for LuaTeX (HO)
Package pdftexcmds Info: \pdf@primitive is available.
Package pdftexcmds Info: \pdf@ifprimitive is available.
Package pdftexcmds Info: \pdfdraftmode found.
)) (c:/texlive/2024/texmf-dist/tex/latex/hycolor/hycolor.sty
Package: hycolor 2020-01-27 v1.10 Color options for hyperref/bookmark (HO)
) (c:/texlive/2024/texmf-dist/tex/generic/stringenc/stringenc.sty
Package: stringenc 2019/11/29 v1.12 Convert strings between diff. encodings (HO)
)
\@linkdim=\dimen186
\Hy@linkcounter=\count322
\Hy@pagecounter=\count323
 (c:/texlive/2024/texmf-dist/tex/latex/hyperref/pd1enc.def
File: pd1enc.def 2024-11-05 v7.01l Hyperref: PDFDocEncoding definition (HO)
Now handling font encoding PD1 ...
... no UTF-8 mapping file for font encoding PD1
) (c:/texlive/2024/texmf-dist/tex/generic/intcalc/intcalc.sty
Package: intcalc 2019/12/15 v1.3 Expandable calculations with integers (HO)
)
\Hy@SavedSpaceFactor=\count324
 (c:/texlive/2024/texmf-dist/tex/latex/hyperref/puenc.def
File: puenc.def 2024-11-05 v7.01l Hyperref: PDF Unicode definition (HO)
Now handling font encoding PU ...
... no UTF-8 mapping file for font encoding PU
)
Package hyperref Info: Hyper figures OFF on input line 4157.
Package hyperref Info: Link nesting OFF on input line 4162.
Package hyperref Info: Hyper index ON on input line 4165.
Package hyperref Info: Plain pages OFF on input line 4172.
Package hyperref Info: Backreferencing OFF on input line 4177.
Package hyperref Info: Implicit mode ON; LaTeX internals redefined.
Package hyperref Info: Bookmarks ON on input line 4424.
\c@Hy@tempcnt=\count325
 (c:/texlive/2024/texmf-dist/tex/latex/url/url.sty
\Urlmuskip=\muskip17
Package: url 2013/09/16  ver 3.4  Verb mode for urls, etc.
)
LaTeX Info: Redefining \url on input line 4763.
\XeTeXLinkMargin=\dimen187
 (c:/texlive/2024/texmf-dist/tex/generic/bitset/bitset.sty
Package: bitset 2019/12/09 v1.3 Handle bit-vector datatype (HO)
 (c:/texlive/2024/texmf-dist/tex/generic/bigintcalc/bigintcalc.sty
Package: bigintcalc 2019/12/15 v1.5 Expandable calculations on big integers (HO)
))
\Fld@menulength=\count326
\Field@Width=\dimen188
\Fld@charsize=\dimen189
Package hyperref Info: Hyper figures OFF on input line 6042.
Package hyperref Info: Link nesting OFF on input line 6047.
Package hyperref Info: Hyper index ON on input line 6050.
Package hyperref Info: backreferencing OFF on input line 6057.
Package hyperref Info: Link coloring OFF on input line 6062.
Package hyperref Info: Link coloring with OCG OFF on input line 6067.
Package hyperref Info: PDF/A mode OFF on input line 6072.
 (c:/texlive/2024/texmf-dist/tex/latex/base/atbegshi-ltx.sty
Package: atbegshi-ltx 2021/01/10 v1.0c Emulation of the original atbegshi
package with kernel methods
)
\Hy@abspage=\count327
\c@Item=\count328
\c@Hfootnote=\count329
)
Package hyperref Info: Driver (autodetected): hpdftex.
 (c:/texlive/2024/texmf-dist/tex/latex/hyperref/hpdftex.def
File: hpdftex.def 2024-11-05 v7.01l Hyperref driver for pdfTeX
 (c:/texlive/2024/texmf-dist/tex/latex/base/atveryend-ltx.sty
Package: atveryend-ltx 2020/08/19 v1.0a Emulation of the original atveryend package
with kernel methods
)
\Fld@listcount=\count330
\c@bookmark@seq@number=\count331
 (c:/texlive/2024/texmf-dist/tex/latex/rerunfilecheck/rerunfilecheck.sty
Package: rerunfilecheck 2022-07-10 v1.10 Rerun checks for auxiliary files (HO)
 (c:/texlive/2024/texmf-dist/tex/generic/uniquecounter/uniquecounter.sty
Package: uniquecounter 2019/12/15 v1.4 Provide unlimited unique counter (HO)
)
Package uniquecounter Info: New unique counter `rerunfilecheck' on input line 285.
)
\Hy@SectionHShift=\skip191
) (c:/texlive/2024/texmf-dist/tex/latex/memoir/memhfixc.sty
Package: memhfixc 2025/03/06 v1.23 hyperref package fixes for memoir class
\c@memhycontfloat=\count332
\c@mem@Hpagenote=\count333
) (c:/texlive/2024/texmf-dist/tex/latex/bookmark/bookmark.sty
Package: bookmark 2023-12-10 v1.31 PDF bookmarks (HO)
 (c:/texlive/2024/texmf-dist/tex/latex/bookmark/bkm-pdftex.def
File: bkm-pdftex.def 2023-12-10 v1.31 bookmark driver for pdfTeX and luaTeX (HO)
\BKM@id=\count334
)) (c:/texlive/2024/texmf-dist/tex/generic/babel/babel.sty
Package: babel 2025/02/14 v25.4 The multilingual framework for pdfLaTeX, LuaLaTeX and XeLaTeX
\babel@savecnt=\count335
\U@D=\dimen190
\l@unhyphenated=\language90
 (c:/texlive/2024/texmf-dist/tex/generic/babel/txtbabel.def)
\bbl@readstream=\read3
\bbl@dirlevel=\count336
 (c:/texlive/2024/texmf-dist/tex/generic/babel-english/english.ldf
Language: english 2017/06/06 v3.3r English support from the babel system
Package babel Info: Hyphen rules for 'canadian' set to \l@english
(babel)             (\language0). Reported on input line 102.
Package babel Info: Hyphen rules for 'australian' set to \l@ukenglish
(babel)             (\language24). Reported on input line 105.
Package babel Info: Hyphen rules for 'newzealand' set to \l@ukenglish
(babel)             (\language24). Reported on input line 108.
) (c:/texlive/2024/texmf-dist/tex/generic/babel-portuges/brazil.ldf
Language: portuges 2021/07/09 v1.2t Portuguese support from the babel system
Package babel Info: Hyphen rules for 'brazil' set to \l@portuguese
(babel)             (\language73). Reported on input line 111.
Package babel Info: Making " an active character on input line 143.
)) (c:/texlive/2024/texmf-dist/tex/generic/babel/locale/en/babel-english.tex
Package babel Info: Importing font and identification data for english
(babel)             from babel-en.ini. Reported on input line 11.
) (c:/texlive/2024/texmf-dist/tex/latex/enumitem/enumitem.sty
Package: enumitem 2025/02/06 v3.11 Customized lists
\labelindent=\skip192
\enit@outerparindent=\dimen191
\enit@toks=\toks25
\enit@inbox=\box58
\enit@count@id=\count337
\enitdp@description=\count338
) (c:/texlive/2024/texmf-dist/tex/latex/tools/calc.sty
Package: calc 2023/07/08 v4.3 Infix arithmetic (KKT,FJ)
\calc@Acount=\count339
\calc@Bcount=\count340
\calc@Adimen=\dimen192
\calc@Bdimen=\dimen193
\calc@Askip=\skip193
\calc@Bskip=\skip194
LaTeX Info: Redefining \setlength on input line 80.
LaTeX Info: Redefining \addtolength on input line 81.
\calc@Ccount=\count341
\calc@Cskip=\skip195
)

******************************************************
Stock height and width: 845.04684pt by 597.50787pt
Top and edge trims: 0pt and 0pt
Page height and width: 845.04684pt by 597.50787pt
Text height and width: 708pt by 455pt
Spine and edge margins: 85.35826pt and 56.9055pt
Upper and lower margins: 85.35826pt and 51.68858pt
Headheight and headsep: 14.5pt and 19.8738pt
Footskip: 30pt
Columnsep and columnseprule: 10pt and 0pt
Marginparsep and marginparwidth: 7pt and 42.9055pt
Sidecapsep and sidecapwidth: 7pt and 92pt
Sidebarhsep and sidebarwidth: 7pt and 92pt
Sidebarvsep and sidebartopsep: 14.5pt and 0pt
Sidebarheight: 590.14995pt
Sidefoothsep and sidefootwidth: 7pt and 92pt
Sidefootvsep and sidefootheight: 14.5pt and 590.14995pt
******************************************************

\c@abntex@bookmarkcounter=\count342
\cftlastnumwidth=\skip196
\chapternamenumlength=\skip197
\ABNTEXcitacaorecuo=\skip198
\c@alineasi=\count343
\c@alineasii=\count344
\enitdp@alineas=\count345
\c@subalineasi=\count346
\enitdp@subalineas=\count347
\c@incisosi=\count348
\enitdp@incisos=\count349
\ABNTEXsignwidth=\skip199
\ABNTEXsignthickness=\skip256
\ABNTEXsignskip=\skip257
) (c:/texlive/2024/texmf-dist/tex/latex/lm/lmodern.sty
Package: lmodern 2015/05/01 v1.6.1 Latin Modern Fonts
LaTeX Font Info:    Overwriting symbol font `operators' in version `normal'
(Font)                  OT1/cmr/m/n --> OT1/lmr/m/n on input line 22.
LaTeX Font Info:    Overwriting symbol font `letters' in version `normal'
(Font)                  OML/cmm/m/it --> OML/lmm/m/it on input line 23.
LaTeX Font Info:    Overwriting symbol font `symbols' in version `normal'
(Font)                  OMS/cmsy/m/n --> OMS/lmsy/m/n on input line 24.
LaTeX Font Info:    Overwriting symbol font `largesymbols' in version `normal'
(Font)                  OMX/cmex/m/n --> OMX/lmex/m/n on input line 25.
LaTeX Font Info:    Overwriting symbol font `operators' in version `bold'
(Font)                  OT1/cmr/bx/n --> OT1/lmr/bx/n on input line 26.
LaTeX Font Info:    Overwriting symbol font `letters' in version `bold'
(Font)                  OML/cmm/b/it --> OML/lmm/b/it on input line 27.
LaTeX Font Info:    Overwriting symbol font `symbols' in version `bold'
(Font)                  OMS/cmsy/b/n --> OMS/lmsy/b/n on input line 28.
LaTeX Font Info:    Overwriting symbol font `largesymbols' in version `bold'
(Font)                  OMX/cmex/m/n --> OMX/lmex/m/n on input line 29.
LaTeX Font Info:    Overwriting math alphabet `\mathbf' in version `normal'
(Font)                  OT1/cmr/bx/n --> OT1/lmr/bx/n on input line 31.
LaTeX Font Info:    Overwriting math alphabet `\mathsf' in version `normal'
(Font)                  OT1/cmss/m/n --> OT1/lmss/m/n on input line 32.
LaTeX Font Info:    Overwriting math alphabet `\mathit' in version `normal'
(Font)                  OT1/cmr/m/it --> OT1/lmr/m/it on input line 33.
LaTeX Font Info:    Overwriting math alphabet `\mathtt' in version `normal'
(Font)                  OT1/cmtt/m/n --> OT1/lmtt/m/n on input line 34.
LaTeX Font Info:    Overwriting math alphabet `\mathbf' in version `bold'
(Font)                  OT1/cmr/bx/n --> OT1/lmr/bx/n on input line 35.
LaTeX Font Info:    Overwriting math alphabet `\mathsf' in version `bold'
(Font)                  OT1/cmss/bx/n --> OT1/lmss/bx/n on input line 36.
LaTeX Font Info:    Overwriting math alphabet `\mathit' in version `bold'
(Font)                  OT1/cmr/bx/it --> OT1/lmr/bx/it on input line 37.
LaTeX Font Info:    Overwriting math alphabet `\mathtt' in version `bold'
(Font)                  OT1/cmtt/m/n --> OT1/lmtt/m/n on input line 38.
) (c:/texlive/2024/texmf-dist/tex/latex/base/fontenc.sty
Package: fontenc 2021/04/29 v2.0v Standard LaTeX package
LaTeX Font Info:    Trying to load font information for T1+lmr on input line 116.
 (c:/texlive/2024/texmf-dist/tex/latex/lm/t1lmr.fd
File: t1lmr.fd 2015/05/01 v1.6.1 Font defs for Latin Modern
)) (c:/texlive/2024/texmf-dist/tex/latex/base/inputenc.sty
Package: inputenc 2024/02/08 v1.3d Input encoding file
\inpenc@prehook=\toks26
\inpenc@posthook=\toks27
) (c:/texlive/2024/texmf-dist/tex/latex/tools/indentfirst.sty
Package: indentfirst 2023/07/02 v1.03 Indent first paragraph (DPC)
) (c:/texlive/2024/texmf-dist/tex/latex/graphics/color.sty
Package: color 2024/06/23 v1.3e Standard LaTeX Color (DPC)
 (c:/texlive/2024/texmf-dist/tex/latex/graphics-cfg/color.cfg
File: color.cfg 2016/01/02 v1.6 sample color configuration
)
Package color Info: Driver file: pdftex.def on input line 149.
 (c:/texlive/2024/texmf-dist/tex/latex/graphics-def/pdftex.def
File: pdftex.def 2024/04/13 v1.2c Graphics/color driver for pdftex
) (c:/texlive/2024/texmf-dist/tex/latex/graphics/mathcolor.ltx)) (c:/texlive/2024/texmf-dist/tex/latex/graphics/graphicx.sty
Package: graphicx 2021/09/16 v1.2d Enhanced LaTeX Graphics (DPC,SPQR)
 (c:/texlive/2024/texmf-dist/tex/latex/graphics/graphics.sty
Package: graphics 2024/08/06 v1.4g Standard LaTeX Graphics (DPC,SPQR)
 (c:/texlive/2024/texmf-dist/tex/latex/graphics/trig.sty
Package: trig 2023/12/02 v1.11 sin cos tan (DPC)
) (c:/texlive/2024/texmf-dist/tex/latex/graphics-cfg/graphics.cfg
File: graphics.cfg 2016/06/04 v1.11 sample graphics configuration
)
Package graphics Info: Driver file: pdftex.def on input line 106.
)
\Gin@req@height=\dimen194
\Gin@req@width=\dimen195
) (c:/texlive/2024/texmf-dist/tex/latex/graphics/epsfig.sty
Package: epsfig 2024/01/14 v1.7b (e)psfig emulation (SPQR)
\epsfxsize=\dimen196
\epsfysize=\dimen197
) (c:/texlive/2024/texmf-dist/tex/latex/subfig/subfig.sty
Package: subfig 2005/06/28 ver: 1.3 subfig package
 (c:/texlive/2024/texmf-dist/tex/latex/caption/caption.sty
Package: caption 2023/08/05 v3.6o Customizing captions (AR)
 (c:/texlive/2024/texmf-dist/tex/latex/caption/caption3.sty
Package: caption3 2023/07/31 v2.4d caption3 kernel (AR)
\caption@tempdima=\dimen198
\captionmargin=\dimen199
\caption@leftmargin=\dimen256
\caption@rightmargin=\dimen257
\caption@width=\dimen258
\caption@indent=\dimen259
\caption@parindent=\dimen260
\caption@hangindent=\dimen261
Package caption Info: memoir document class detected.
 (c:/texlive/2024/texmf-dist/tex/latex/caption/caption-memoir.sto
File: caption-memoir.sto 2023/09/08 v2.2c Adaption of the caption package to the memoir document class (AR)
))
\c@caption@flags=\count350
\c@continuedfloat=\count351
Package caption Info: changepage package is loaded.
\caption@adjustwidth@hsize=\dimen262
\caption@adjustwidth@linewidth=\dimen263
Package caption Info: hyperref package is loaded.
)
\c@KVtest=\count352
\sf@farskip=\skip258
\sf@captopadj=\dimen264
\sf@capskip=\skip259
\sf@nearskip=\skip260
\c@subfigure=\count353
\c@subfigure@save=\count354
\c@subtable=\count355
\c@subtable@save=\count356
\sf@top=\skip261
\sf@bottom=\skip262
) (c:/texlive/2024/texmf-dist/tex/latex/lastpage/lastpage.sty
Package: lastpage 2025/01/27 v2.1e lastpage: 2.09 or 2e? (HMM)
 (c:/texlive/2024/texmf-dist/tex/latex/lastpage/lastpage2e.sty
Package: lastpage2e 2025/01/27 v2.1e Decide which 2e lastpage version to use (HMM)
 (c:/texlive/2024/texmf-dist/tex/latex/lastpage/lastpagemodern.sty
Package: lastpagemodern 2025-01-27 v2.1e Refers to last page's name (HMM; JPG)
\c@lastpagecount=\count357
) 
)) (c:/texlive/2024/texmf-dist/tex/latex/microtype/microtype.sty
Package: microtype 2025/02/11 v3.2a Micro-typographical refinements (RS)
\MT@toks=\toks28
\MT@tempbox=\box59
\MT@count=\count358
LaTeX Info: Redefining \noprotrusionifhmode on input line 1087.
LaTeX Info: Redefining \leftprotrusion on input line 1088.
\MT@prot@toks=\toks29
LaTeX Info: Redefining \rightprotrusion on input line 1107.
LaTeX Info: Redefining \textls on input line 1449.
\MT@outer@kern=\dimen265
LaTeX Info: Redefining \microtypecontext on input line 2053.
LaTeX Info: Redefining \textmicrotypecontext on input line 2070.
\MT@listname@count=\count359
 (c:/texlive/2024/texmf-dist/tex/latex/microtype/microtype-pdftex.def
File: microtype-pdftex.def 2025/02/11 v3.2a Definitions specific to pdftex (RS)
LaTeX Info: Redefining \lsstyle on input line 944.
LaTeX Info: Redefining \lslig on input line 944.
\MT@outer@space=\skip263
)
Package microtype Info: Loading configuration file microtype.cfg.
 (c:/texlive/2024/texmf-dist/tex/latex/microtype/microtype.cfg
File: microtype.cfg 2025/02/11 v3.2a microtype main configuration file (RS)
)
LaTeX Info: Redefining \microtypesetup on input line 3065.
) (c:/texlive/2024/texmf-dist/tex/latex/float/float.sty
Package: float 2001/11/08 v1.3d Float enhancements (AL)
\c@float@type=\count360
\float@exts=\toks30
\float@box=\box60
\@float@everytoks=\toks31
\@floatcapt=\box61
) (c:/texlive/2024/texmf-dist/tex/latex/lipsum/lipsum.sty (c:/texlive/2024/texmf-dist/tex/latex/l3packages/l3keys2e/l3keys2e.sty
Package: l3keys2e 2024-08-16 LaTeX2e option processing using LaTeX3 keys
)
Package: lipsum 2021-09-20 v2.7 150 paragraphs of Lorem Ipsum dummy text
\g__lipsum_par_int=\count361
\l__lipsum_a_int=\count362
\l__lipsum_b_int=\count363
 (c:/texlive/2024/texmf-dist/tex/latex/lipsum/lipsum.ltd.tex)) (c:/texlive/2024/texmf-dist/tex/latex/amsmath/amsmath.sty
Package: amsmath 2024/11/05 v2.17t AMS math features
\@mathmargin=\skip264

For additional information on amsmath, use the `?' option.
(c:/texlive/2024/texmf-dist/tex/latex/amsmath/amstext.sty
Package: amstext 2021/08/26 v2.01 AMS text
 (c:/texlive/2024/texmf-dist/tex/latex/amsmath/amsgen.sty
File: amsgen.sty 1999/11/30 v2.0 generic functions
\@emptytoks=\toks32
\ex@=\dimen266
)) (c:/texlive/2024/texmf-dist/tex/latex/amsmath/amsbsy.sty
Package: amsbsy 1999/11/29 v1.2d Bold Symbols
\pmbraise@=\dimen267
) (c:/texlive/2024/texmf-dist/tex/latex/amsmath/amsopn.sty
Package: amsopn 2022/04/08 v2.04 operator names
)
\inf@bad=\count364
LaTeX Info: Redefining \frac on input line 233.
\uproot@=\count365
\leftroot@=\count366
LaTeX Info: Redefining \overline on input line 398.
LaTeX Info: Redefining \colon on input line 409.
\classnum@=\count367
\DOTSCASE@=\count368
LaTeX Info: Redefining \ldots on input line 495.
LaTeX Info: Redefining \dots on input line 498.
LaTeX Info: Redefining \cdots on input line 619.
\Mathstrutbox@=\box62
\strutbox@=\box63
LaTeX Info: Redefining \big on input line 721.
LaTeX Info: Redefining \Big on input line 722.
LaTeX Info: Redefining \bigg on input line 723.
LaTeX Info: Redefining \Bigg on input line 724.
\big@size=\dimen268
LaTeX Font Info:    Redeclaring font encoding OML on input line 742.
LaTeX Font Info:    Redeclaring font encoding OMS on input line 743.
\macc@depth=\count369
LaTeX Info: Redefining \bmod on input line 904.
LaTeX Info: Redefining \pmod on input line 909.
LaTeX Info: Redefining \smash on input line 939.
LaTeX Info: Redefining \relbar on input line 969.
LaTeX Info: Redefining \Relbar on input line 970.
\c@MaxMatrixCols=\count370
\dotsspace@=\muskip18
\c@parentequation=\count371
\dspbrk@lvl=\count372
\tag@help=\toks33
\row@=\count373
\column@=\count374
\maxfields@=\count375
\andhelp@=\toks34
\eqnshift@=\dimen269
\alignsep@=\dimen270
\tagshift@=\dimen271
\tagwidth@=\dimen272
\totwidth@=\dimen273
\lineht@=\dimen274
\@envbody=\toks35
\multlinegap=\skip265
\multlinetaggap=\skip266
\mathdisplay@stack=\toks36
LaTeX Info: Redefining \[ on input line 2953.
LaTeX Info: Redefining \] on input line 2954.
) (c:/texlive/2024/texmf-dist/tex/latex/amsfonts/amssymb.sty
Package: amssymb 2013/01/14 v3.01 AMS font symbols
 (c:/texlive/2024/texmf-dist/tex/latex/amsfonts/amsfonts.sty
Package: amsfonts 2013/01/14 v3.01 Basic AMSFonts support
\symAMSa=\mathgroup4
\symAMSb=\mathgroup5
LaTeX Font Info:    Redeclaring math symbol \hbar on input line 98.
LaTeX Font Info:    Overwriting math alphabet `\mathfrak' in version `bold'
(Font)                  U/euf/m/n --> U/euf/b/n on input line 106.
)) (c:/texlive/2024/texmf-dist/tex/latex/jknapltx/mathrsfs.sty
Package: mathrsfs 1996/01/01 Math RSFS package v1.0 (jk)
\symrsfs=\mathgroup6
) (c:/texlive/2024/texmf-dist/tex/latex/tools/afterpage.sty
Package: afterpage 2023/07/04 v1.08 After-Page Package (DPC)
\AP@output=\toks37
\AP@partial=\box64
\AP@footins=\box65
) (c:/texlive/2024/texmf-dist/tex/latex/hyperref/backref.sty
Package: backref 2023-11-26 v1.44 Bibliographical back referencing
) (c:/texlive/2024/texmf-dist/tex/latex/abntex2/abntex2cite.sty
Package: abntex2cite 2018/11/24 v-1.9.7 abnTeX2
 (c:/texlive/2024/texmf-dist/tex/latex/abntex2/abntex2abrev.sty)
\minimumbiblabelwidth=\skip267
\ABCIauxlen=\skip268
\c@ABCIaux=\count376
\c@ABCImax=\count377
 (c:/texlive/2024/texmf-dist/tex/generic/iftex/ifpdf.sty
Package: ifpdf 2019/10/25 v3.4 ifpdf legacy package. Use iftex instead.
) (c:/texlive/2024/texmf-dist/tex/generic/iftex/ifxetex.sty
Package: ifxetex 2019/10/25 v0.7 ifxetex legacy package. Use iftex instead.
) (c:/texlive/2024/texmf-dist/tex/latex/relsize/relsize.sty
Package: relsize 2013/03/29 ver 4.1
)
\biblabelsep=\skip269
LaTeX Info: Redefining \newblock on input line 591.
LaTeX Info: Redefining \cite on input line 618.
\ABCItoken=\toks38
) (./extras/conf_citacoes.tex) (./extras/dados.tex) (./extras/conf_pdf.tex
Package color Info: Redefining color blue on input line 5.
Package hyperref Info: Option `colorlinks' set `true' on input line 22.
)
\dissertacao@idxfile=\write4
\openout4 = `dissertacao.idx'.


Writing index file dissertacao.idx 
(./dissertacao.aux)
\openout1 = `dissertacao.aux'.

LaTeX Font Info:    Checking defaults for OML/cmm/m/it on input line 61.
LaTeX Font Info:    ... okay on input line 61.
LaTeX Font Info:    Checking defaults for OMS/cmsy/m/n on input line 61.
LaTeX Font Info:    ... okay on input line 61.
LaTeX Font Info:    Checking defaults for OT1/cmr/m/n on input line 61.
LaTeX Font Info:    ... okay on input line 61.
LaTeX Font Info:    Checking defaults for T1/cmr/m/n on input line 61.
LaTeX Font Info:    ... okay on input line 61.
LaTeX Font Info:    Checking defaults for TS1/cmr/m/n on input line 61.
LaTeX Font Info:    ... okay on input line 61.
LaTeX Font Info:    Checking defaults for OMX/cmex/m/n on input line 61.
LaTeX Font Info:    ... okay on input line 61.
LaTeX Font Info:    Checking defaults for U/cmr/m/n on input line 61.
LaTeX Font Info:    ... okay on input line 61.
LaTeX Font Info:    Checking defaults for PD1/pdf/m/n on input line 61.
LaTeX Font Info:    ... okay on input line 61.
LaTeX Font Info:    Checking defaults for PU/pdf/m/n on input line 61.
LaTeX Font Info:    ... okay on input line 61.
Package hyperref Info: Link coloring ON on input line 61.
\myptabbox=\box66
\myptabboxwidth=\skip270
 (c:/texlive/2024/texmf-dist/tex/context/base/mkii/supp-pdf.mkii
[Loading MPS to PDF converter (version 2006.09.02).]
\scratchcounter=\count378
\scratchdimen=\dimen275
\scratchbox=\box67
\nofMPsegments=\count379
\nofMParguments=\count380
\everyMPshowfont=\toks39
\MPscratchCnt=\count381
\MPscratchDim=\dimen276
\MPnumerator=\count382
\makeMPintoPDFobject=\count383
\everyMPtoPDFconversion=\toks40
) (c:/texlive/2024/texmf-dist/tex/latex/epstopdf-pkg/epstopdf-base.sty
Package: epstopdf-base 2020-01-24 v2.11 Base part for package epstopdf
Package epstopdf-base Info: Redefining graphics rule for `.eps' on input line 485.
 (c:/texlive/2024/texmf-dist/tex/latex/latexconfig/epstopdf-sys.cfg
File: epstopdf-sys.cfg 2010/07/13 v1.3 Configuration of (r)epstopdf for TeX Live
))
Package caption Info: Begin \AtBeginDocument code.
Package caption Info: subfig package v1.3 is loaded.
Package caption Info: float package is loaded.
Package caption Info: End \AtBeginDocument code.
LaTeX Info: Redefining \microtypecontext on input line 61.
Package microtype Info: Applying patch `item' on input line 61.
Package microtype Info: Applying patch `toc' on input line 61.
Package microtype Info: Applying patch `eqnum' on input line 61.
Package microtype Info: Applying patch `footnote' on input line 61.
Package microtype Info: Applying patch `verbatim' on input line 61.
LaTeX Info: Redefining \microtypesetup on input line 61.
Package microtype Info: Generating PDF output.
Package microtype Info: Character protrusion enabled (level 2).
Package microtype Info: Using default protrusion set `alltext'.
Package microtype Info: Automatic font expansion enabled (level 2),
(microtype)             stretch: 20, shrink: 20, step: 1, non-selected.
Package microtype Info: Using default expansion set `alltext-nott'.
LaTeX Info: Redefining \showhyphens on input line 61.
Package microtype Info: No adjustment of tracking.
Package microtype Info: No adjustment of interword spacing.
Package microtype Info: No adjustment of character kerning.
 (c:/texlive/2024/texmf-dist/tex/latex/microtype/mt-cmr.cfg
File: mt-cmr.cfg 2013/05/19 v2.2 microtype config. file: Computer Modern Roman (RS)
) (./pretextual/capa.tex
<figs/logo.png, id=4, 84.99496pt x 83.65932pt>
File: figs/logo.png Graphic file (type png)
<use figs/logo.png>
Package pdftex.def Info: figs/logo.png  used on input line 7.
(pdftex.def)             Requested size: 101.99344pt x 100.39066pt.
LaTeX Font Info:    Trying to load font information for T1+lmss on input line 10.
 (c:/texlive/2024/texmf-dist/tex/latex/lm/t1lmss.fd
File: t1lmss.fd 2015/05/01 v1.6.1 Font defs for Latin Modern
)
Package microtype Info: Loading generic protrusion settings for font family
(microtype)             `lmss' (encoding: T1).
(microtype)             For optimal results, create family-specific settings.
(microtype)             See the microtype manual for details.


[1

{c:/texlive/2024/texmf-var/fonts/map/pdftex/updmap/pdftex.map}{c:/texlive/2024/texmf-dist/fonts/enc/dvips/lm/lm-ec.enc} <./figs/logo.png>]

[2

])
LaTeX Font Info:    Trying to load font information for OT1+lmr on input line 75.
 (c:/texlive/2024/texmf-dist/tex/latex/lm/ot1lmr.fd
File: ot1lmr.fd 2015/05/01 v1.6.1 Font defs for Latin Modern
)
LaTeX Font Info:    Trying to load font information for OML+lmm on input line 75.
 (c:/texlive/2024/texmf-dist/tex/latex/lm/omllmm.fd
File: omllmm.fd 2015/05/01 v1.6.1 Font defs for Latin Modern
)
LaTeX Font Info:    Trying to load font information for OMS+lmsy on input line 75.
 (c:/texlive/2024/texmf-dist/tex/latex/lm/omslmsy.fd
File: omslmsy.fd 2015/05/01 v1.6.1 Font defs for Latin Modern
)
LaTeX Font Info:    Trying to load font information for OMX+lmex on input line 75.
 (c:/texlive/2024/texmf-dist/tex/latex/lm/omxlmex.fd
File: omxlmex.fd 2015/05/01 v1.6.1 Font defs for Latin Modern
)
LaTeX Font Info:    External font `lmex10' loaded for size
(Font)              <12> on input line 75.
LaTeX Font Info:    External font `lmex10' loaded for size
(Font)              <8> on input line 75.
LaTeX Font Info:    External font `lmex10' loaded for size
(Font)              <6> on input line 75.
LaTeX Font Info:    Trying to load font information for U+msa on input line 75.
 (c:/texlive/2024/texmf-dist/tex/latex/amsfonts/umsa.fd
File: umsa.fd 2013/01/14 v3.01 AMS symbols A
) (c:/texlive/2024/texmf-dist/tex/latex/microtype/mt-msa.cfg
File: mt-msa.cfg 2006/02/04 v1.1 microtype config. file: AMS symbols (a) (RS)
)
LaTeX Font Info:    Trying to load font information for U+msb on input line 75.
 (c:/texlive/2024/texmf-dist/tex/latex/amsfonts/umsb.fd
File: umsb.fd 2013/01/14 v3.01 AMS symbols B
) (c:/texlive/2024/texmf-dist/tex/latex/microtype/mt-msb.cfg
File: mt-msb.cfg 2005/06/01 v1.0 microtype config. file: AMS symbols (b) (RS)
)
LaTeX Font Info:    Trying to load font information for U+rsfs on input line 75.
 (c:/texlive/2024/texmf-dist/tex/latex/jknapltx/ursfs.fd
File: ursfs.fd 1998/03/24 rsfs font definition file (jk)
)


pdfTeX warning (ext4): destination with the same identifier (name{page.1}) has been already used, duplicate ignored
<to be read again> 
                   \relax 
l.75 
      [1


] (./pretextual/catalografica.tex

./pretextual/catalografica.tex:16: LaTeX Error: Can be used only in preamble.

See the LaTeX manual or LaTeX Companion for explanation.
Type  H <return>  for immediate help.
 ...                                              
                                                  
l.16 \usepackage
                {lastpage}
Your command was ignored.
Type  I <command> <return>  to replace it with another command,
or  <return>  to continue without it.

LaTeX Font Info:    External font `lmex10' loaded for size
(Font)              <10> on input line 45.
LaTeX Font Info:    External font `lmex10' loaded for size
(Font)              <7> on input line 45.
LaTeX Font Info:    External font `lmex10' loaded for size
(Font)              <5> on input line 45.
) (./pretextual/assinaturas.tex


pdfTeX warning (ext4): destination with the same identifier (name{page.2}) has been already used, duplicate ignored
<to be read again> 
                   \relax 
l.12 
      [2]

[3

]

[4

]) (./pretextual/dedicatoria.tex

[5]

[6

]) (./pretextual/agradecimentos.tex) (./pretextual/epigrafe.tex

[7

]

[8

]) (./pretextual/resumos.tex

[9]

[10

]

[11]

[12

])
No file dissertacao.lof.


[13]

[14

]
No file dissertacao.lot.


[15]

[16

]

[17

]

[18

]

[19

{c:/texlive/2024/texmf-dist/fonts/enc/dvips/lm/lm-mathit.enc}]

[20

]
No file dissertacao.toc.


[21]

[22

]


pdfTeX warning (ext4): destination with the same identifier (name{page.1}) has been already used, duplicate ignored
<to be read again> 
                   \relax 
l.136 ...{Introdução e Fundamentação Teórica}
                                                   [1

]


pdfTeX warning (ext4): destination with the same identifier (name{page.2}) has been already used, duplicate ignored
<to be read again> 
                   \relax 
l.136 ...{Introdução e Fundamentação Teórica}
                                                   [2] (./capitulos/1_introducao.tex

LaTeX Warning: Citation `criscuolo2022' on page 3 undefined on input line 6.


LaTeX Warning: Citation `cohen2017' on page 3 undefined on input line 6.


LaTeX Warning: Citation `nitsche2000' on page 3 undefined on input line 8.


LaTeX Warning: Citation `stagg2011' on page 3 undefined on input line 8.


LaTeX Warning: Citation `haas1985' on page 3 undefined on input line 15.


LaTeX Warning: Citation `criscuolo2022' on page 3 undefined on input line 15.




pdfTeX warning (ext4): destination with the same identifier (name{page.3}) has been already used, duplicate ignored
<to be read again> 
                   \relax 
l.16 
      [3

]

LaTeX Warning: Citation `nitsche2000' on page 4 undefined on input line 20.


LaTeX Warning: Citation `okano2013' on page 4 undefined on input line 20.


LaTeX Warning: Citation `polania2012' on page 4 undefined on input line 22.


LaTeX Warning: Citation `stagg2011' on page 4 undefined on input line 22.


LaTeX Warning: Citation `okano2015' on page 4 undefined on input line 24.


LaTeX Warning: Citation `moreira2021a' on page 4 undefined on input line 24.


LaTeX Warning: Citation `moreira2021b' on page 4 undefined on input line 24.


LaTeX Warning: Citation `moreira2021a' on page 4 undefined on input line 24.


LaTeX Warning: Citation `moreira2021b' on page 4 undefined on input line 24.




pdfTeX warning (ext4): destination with the same identifier (name{page.4}) has been already used, duplicate ignored
<to be read again> 
                   \relax 
l.26 N
      o entanto, ainda há muito a ser explorado sobre como diferentes confi... [4]

LaTeX Warning: Citation `datta2008' on page 5 undefined on input line 26.


LaTeX Warning: Citation `criscuolo2022' on page 5 undefined on input line 31.


LaTeX Warning: Citation `moscaleski2022' on page 5 undefined on input line 33.

)


pdfTeX warning (ext4): destination with the same identifier (name{page.5}) has been already used, duplicate ignored
<to be read again> 
                   \relax 
l.139 \part
           {Objetivos e Hipóteses} [5]


pdfTeX warning (ext4): destination with the same identifier (name{page.6}) has been already used, duplicate ignored
<to be read again> 
                   \relax 
l.139 \part
           {Objetivos e Hipóteses} [6

]


pdfTeX warning (ext4): destination with the same identifier (name{page.7}) has been already used, duplicate ignored
<to be read again> 
                   \relax 
l.139 \part{Objetivos e Hipóteses}
                                    [7]


pdfTeX warning (ext4): destination with the same identifier (name{page.8}) has been already used, duplicate ignored
<to be read again> 
                   \relax 
l.139 \part{Objetivos e Hipóteses}
                                    [8] (./capitulos/2_objetivos.tex) (./capitulos/3_hipoteses.tex


pdfTeX warning (ext4): destination with the same identifier (name{page.9}) has been already used, duplicate ignored
<to be read again> 
                   \relax 
l.1 \chapter
            {Hipóteses} [9

]


pdfTeX warning (ext4): destination with the same identifier (name{page.10}) has been already used, duplicate ignored
<to be read again> 
                   \relax 
l.1 \chapter
            {Hipóteses} [10

])


pdfTeX warning (ext4): destination with the same identifier (name{page.11}) has been already used, duplicate ignored
<to be read again> 
                   \relax 
l.143 \part
           {Metodologia e Processamento} [11]


pdfTeX warning (ext4): destination with the same identifier (name{page.12}) has been already used, duplicate ignored
<to be read again> 
                   \relax 
l.143 \part
           {Metodologia e Processamento} [12

]


pdfTeX warning (ext4): destination with the same identifier (name{page.13}) has been already used, duplicate ignored
<to be read again> 
                   \relax 
l.143 \part{Metodologia e Processamento}
                                         [13]


pdfTeX warning (ext4): destination with the same identifier (name{page.14}) has been already used, duplicate ignored
<to be read again> 
                   \relax 
l.143 \part{Metodologia e Processamento}
                                         [14] (./capitulos/4_metodologia.tex
LaTeX Font Info:    Trying to load font information for TS1+lmr on input line 12.
 (c:/texlive/2024/texmf-dist/tex/latex/lm/ts1lmr.fd
File: ts1lmr.fd 2015/05/01 v1.6.1 Font defs for Latin Modern
)

LaTeX Warning: Citation `moscaleski2022' on page 15 undefined on input line 17.


LaTeX Warning: Citation `boukrina2020' on page 15 undefined on input line 19.




pdfTeX warning (ext4): destination with the same identifier (name{page.15}) has been already used, duplicate ignored
<to be read again> 
                   \relax 
l.24 
      [15

{c:/texlive/2024/texmf-dist/fonts/enc/dvips/lm/lm-ts1.enc}]


pdfTeX warning (ext4): destination with the same identifier (name{page.16}) has been already used, duplicate ignored
<to be read again> 
                   \relax 
l.41     \item \textbf
                      {Questionário de Motivação Relacionado ao Exercíci... [16]

LaTeX Warning: Citation `datta2008' on page 17 undefined on input line 48.


Underfull \vbox (badness 1721) has occurred while \output is active []




pdfTeX warning (ext4): destination with the same identifier (name{page.17}) has been already used, duplicate ignored
<to be read again> 
                   \relax 
l.60 
      [17]) (./capitulos/5_preprocessamento_de_dados.tex


pdfTeX warning (ext4): destination with the same identifier (name{page.18}) has been already used, duplicate ignored
<to be read again> 
                   \relax 
l.1 \chapter
            {Pré-processamento de Dados} [18]


pdfTeX warning (ext4): destination with the same identifier (name{page.19}) has been already used, duplicate ignored
<to be read again> 
                   \relax 
l.29 
      [19

]
<figs/1_preprocessamento_eeg/2_exemplo_sinais_canais_eeg.png, id=238, 556.479pt x 573.1011pt>
File: figs/1_preprocessamento_eeg/2_exemplo_sinais_canais_eeg.png Graphic file (type png)
<use figs/1_preprocessamento_eeg/2_exemplo_sinais_canais_eeg.png>
Package pdftex.def Info: figs/1_preprocessamento_eeg/2_exemplo_sinais_canais_eeg.png  used on input line 50.
(pdftex.def)             Requested size: 364.00139pt x 374.87239pt.
<figs/1_preprocessamento_eeg/1_sistema_10_20.png, id=239, 470.4777pt x 462.528pt>
File: figs/1_preprocessamento_eeg/1_sistema_10_20.png Graphic file (type png)
<use figs/1_preprocessamento_eeg/1_sistema_10_20.png>
Package pdftex.def Info: figs/1_preprocessamento_eeg/1_sistema_10_20.png  used on input line 57.
(pdftex.def)             Requested size: 364.00139pt x 357.85559pt.



pdfTeX warning (ext4): destination with the same identifier (name{page.20}) has been already used, duplicate ignored
<to be read again> 
                   \relax 
l.67     \item \textbf
                      {Aplicação do ICA:} Utilizou-se o método FastICA pa... [20]


pdfTeX warning (ext4): destination with the same identifier (name{page.21}) has been already used, duplicate ignored
<to be read again> 
                   \relax 
l.71     \item \textbf
                      {Aplicação e Salvamento:} Após a definição dos co... [21 <./figs/1_preprocessamento_eeg/2_exemplo_sinais_canais_eeg.png>]
<figs/1_preprocessamento_eeg/3_exemplo_compomentes_pos_ICA.png, id=255, 712.5822pt x 703.1871pt>
File: figs/1_preprocessamento_eeg/3_exemplo_compomentes_pos_ICA.png Graphic file (type png)
<use figs/1_preprocessamento_eeg/3_exemplo_compomentes_pos_ICA.png>
Package pdftex.def Info: figs/1_preprocessamento_eeg/3_exemplo_compomentes_pos_ICA.png  used on input line 76.
(pdftex.def)             Requested size: 364.00139pt x 359.21082pt.
<figs/1_preprocessamento_eeg/4_exemplo_ICA_component_analysis.png, id=256, 650.43pt x 650.43pt>
File: figs/1_preprocessamento_eeg/4_exemplo_ICA_component_analysis.png Graphic file (type png)
<use figs/1_preprocessamento_eeg/4_exemplo_ICA_component_analysis.png>
Package pdftex.def Info: figs/1_preprocessamento_eeg/4_exemplo_ICA_component_analysis.png  used on input line 83.
(pdftex.def)             Requested size: 364.00139pt x 364.01004pt.



pdfTeX warning (ext4): destination with the same identifier (name{page.22}) has been already used, duplicate ignored
<to be read again> 
                   \relax 
l.99 \end{itemize}
                   [22 <./figs/1_preprocessamento_eeg/1_sistema_10_20.png>]

[23 <./figs/1_preprocessamento_eeg/3_exemplo_compomentes_pos_ICA.png>]
<figs/2_preprocessamento_ecg/1_Sinal_de_ECG_-_Picos_Detectados_zoom.png, id=272, 616.4631pt x 338.9463pt>
File: figs/2_preprocessamento_ecg/1_Sinal_de_ECG_-_Picos_Detectados_zoom.png Graphic file (type png)
<use figs/2_preprocessamento_ecg/1_Sinal_de_ECG_-_Picos_Detectados_zoom.png>
Package pdftex.def Info: figs/2_preprocessamento_ecg/1_Sinal_de_ECG_-_Picos_Detectados_zoom.png  used on input line 118.
(pdftex.def)             Requested size: 364.00139pt x 200.14209pt.


[24{c:/texlive/2024/texmf-dist/fonts/enc/dvips/lm/lm-mathsy.enc}{c:/texlive/2024/texmf-dist/fonts/enc/dvips/lm/lm-rm.enc} <./figs/1_preprocessamento_eeg/4_exemplo_ICA_component_analysis.png>]
<figs/2_preprocessamento_ecg/2_Sinal_ECG_-_Aplicação_de_Filtros_zoom.png, id=283, 643.6848pt x 339.1872pt>
File: figs/2_preprocessamento_ecg/2_Sinal_ECG_-_Aplicação_de_Filtros_zoom.png Graphic file (type png)
<use figs/2_preprocessamento_ecg/2_Sinal_ECG_-_Aplicação_de_Filtros_zoom.png>
Package pdftex.def Info: figs/2_preprocessamento_ecg/2_Sinal_ECG_-_Aplicação_de_Filtros_zoom.png  used on input line 134.
(pdftex.def)             Requested size: 364.00139pt x 191.8171pt.


[25 <./figs/2_preprocessamento_ecg/1_Sinal_de_ECG_-_Picos_Detectados_zoom.png> <./figs/2_preprocessamento_ecg/2_Sinal_ECG_-_Aplicação_de_Filtros_zoom.png>]
<figs/2_preprocessamento_ecg/3_Comparação_de_Fase_entre_Sinais.png, id=295, 649.4664pt x 339.1872pt>
File: figs/2_preprocessamento_ecg/3_Comparação_de_Fase_entre_Sinais.png Graphic file (type png)
<use figs/2_preprocessamento_ecg/3_Comparação_de_Fase_entre_Sinais.png>
Package pdftex.def Info: figs/2_preprocessamento_ecg/3_Comparação_de_Fase_entre_Sinais.png  used on input line 155.
(pdftex.def)             Requested size: 364.00139pt x 190.10915pt.


[26])

[27 <./figs/2_preprocessamento_ecg/3_Comparação_de_Fase_entre_Sinais.png>]

[28

]

[29]

[30] (./capitulos/6_metodos_de_analise_de_sincronizacao_de_fase.tex

LaTeX Warning: Citation `seraj2018' on page 31 undefined on input line 14.


LaTeX Warning: Citation `seraj2018' on page 31 undefined on input line 14.



[31

]

LaTeX Warning: Citation `sorrentino2022' on page 32 undefined on input line 22.


LaTeX Warning: Citation `sorrentino2022' on page 32 undefined on input line 22.



[32{c:/texlive/2024/texmf-dist/fonts/enc/dvips/lm/lm-mathex.enc}]

LaTeX Warning: Citation `sorrentino2022' on page 33 undefined on input line 40.


LaTeX Warning: Citation `sorrentino2022' on page 33 undefined on input line 40.


LaTeX Warning: Citation `seraj2018' on page 33 undefined on input line 44.


LaTeX Warning: Citation `seraj2018' on page 33 undefined on input line 44.



[33]
<figs/3_2_testing_connectivity_metrics/1_ECG_Original_vs_Injecao_Cross-frequency.png, id=351, 513.8397pt x 283.5393pt>
File: figs/3_2_testing_connectivity_metrics/1_ECG_Original_vs_Injecao_Cross-frequency.png Graphic file (type png)
<use figs/3_2_testing_connectivity_metrics/1_ECG_Original_vs_Injecao_Cross-frequency.png>
Package pdftex.def Info: figs/3_2_testing_connectivity_metrics/1_ECG_Original_vs_Injecao_Cross-frequency.png  used on input line 75.
(pdftex.def)             Requested size: 364.00139pt x 200.86435pt.
<figs/3_2_testing_connectivity_metrics/3_EEG_Original_vs_Injecao_Cross-frequency.png, id=352, 537.207pt x 283.5393pt>
File: figs/3_2_testing_connectivity_metrics/3_EEG_Original_vs_Injecao_Cross-frequency.png Graphic file (type png)
<use figs/3_2_testing_connectivity_metrics/3_EEG_Original_vs_Injecao_Cross-frequency.png>
Package pdftex.def Info: figs/3_2_testing_connectivity_metrics/3_EEG_Original_vs_Injecao_Cross-frequency.png  used on input line 82.
(pdftex.def)             Requested size: 364.00139pt x 192.12491pt.


[34 <./figs/3_2_testing_connectivity_metrics/1_ECG_Original_vs_Injecao_Cross-frequency.png>]
<figs/3_2_testing_connectivity_metrics/10_EEG_Original_vs_Injecao_Same-frequency.png, id=366, 537.207pt x 283.5393pt>
File: figs/3_2_testing_connectivity_metrics/10_EEG_Original_vs_Injecao_Same-frequency.png Graphic file (type png)
<use figs/3_2_testing_connectivity_metrics/10_EEG_Original_vs_Injecao_Same-frequency.png>
Package pdftex.def Info: figs/3_2_testing_connectivity_metrics/10_EEG_Original_vs_Injecao_Same-frequency.png  used on input line 91.
(pdftex.def)             Requested size: 364.00139pt x 192.12491pt.
<figs/3_2_testing_connectivity_metrics/11_EEG_Injetado_Same-frequency.png, id=367, 496.254pt x 283.7802pt>
File: figs/3_2_testing_connectivity_metrics/11_EEG_Injetado_Same-frequency.png Graphic file (type png)
<use figs/3_2_testing_connectivity_metrics/11_EEG_Injetado_Same-frequency.png>
Package pdftex.def Info: figs/3_2_testing_connectivity_metrics/11_EEG_Injetado_Same-frequency.png  used on input line 98.
(pdftex.def)             Requested size: 364.00139pt x 208.14941pt.
<figs/3_2_testing_connectivity_metrics/12_Passo1_Fases_Same-frequency.png, id=370, 683.4333pt x 283.7802pt>
File: figs/3_2_testing_connectivity_metrics/12_Passo1_Fases_Same-frequency.png Graphic file (type png)
<use figs/3_2_testing_connectivity_metrics/12_Passo1_Fases_Same-frequency.png>
Package pdftex.def Info: figs/3_2_testing_connectivity_metrics/12_Passo1_Fases_Same-frequency.png  used on input line 107.
(pdftex.def)             Requested size: 364.00139pt x 151.14757pt.
<figs/3_2_testing_connectivity_metrics/13_Passo2_Interferometrico_Same-frequency.png, id=371, 698.1282pt x 283.7802pt>
File: figs/3_2_testing_connectivity_metrics/13_Passo2_Interferometrico_Same-frequency.png Graphic file (type png)
<use figs/3_2_testing_connectivity_metrics/13_Passo2_Interferometrico_Same-frequency.png>
Package pdftex.def Info: figs/3_2_testing_connectivity_metrics/13_Passo2_Interferometrico_Same-frequency.png  used on input line 114.
(pdftex.def)             Requested size: 364.00139pt x 147.96059pt.
<figs/3_2_testing_connectivity_metrics/14_Passo3_FFT_PSD_Same-frequency.png, id=373, 803.1606pt x 283.7802pt>
File: figs/3_2_testing_connectivity_metrics/14_Passo3_FFT_PSD_Same-frequency.png Graphic file (type png)
<use figs/3_2_testing_connectivity_metrics/14_Passo3_FFT_PSD_Same-frequency.png>
Package pdftex.def Info: figs/3_2_testing_connectivity_metrics/14_Passo3_FFT_PSD_Same-frequency.png  used on input line 123.
(pdftex.def)             Requested size: 364.00139pt x 128.60922pt.
<figs/3_2_testing_connectivity_metrics/15_ZeroLag_Fases_Same-frequency Com Phase Lag Zero.png, id=376, 621.2811pt x 283.2984pt>
File: figs/3_2_testing_connectivity_metrics/15_ZeroLag_Fases_Same-frequency Com Phase Lag Zero.png Graphic file (type png)
<use figs/3_2_testing_connectivity_metrics/15_ZeroLag_Fases_Same-frequency Com Phase Lag Zero.png>
Package pdftex.def Info: figs/3_2_testing_connectivity_metrics/15_ZeroLag_Fases_Same-frequency Com Phase Lag Zero.png  used on input line 132.
(pdftex.def)             Requested size: 364.00139pt x 165.9861pt.


[35 <./figs/3_2_testing_connectivity_metrics/3_EEG_Original_vs_Injecao_Cross-frequency.png> <./figs/3_2_testing_connectivity_metrics/10_EEG_Original_vs_Injecao_Same-frequency.png>]
<figs/3_2_testing_connectivity_metrics/16_ZeroLag_Diferenca_Fase_Same-frequency Com Phase Lag Zero.png, id=390, 626.34pt x 283.2984pt>
File: figs/3_2_testing_connectivity_metrics/16_ZeroLag_Diferenca_Fase_Same-frequency Com Phase Lag Zero.png Graphic file (type png)
<use figs/3_2_testing_connectivity_metrics/16_ZeroLag_Diferenca_Fase_Same-frequency Com Phase Lag Zero.png>
Package pdftex.def Info: figs/3_2_testing_connectivity_metrics/16_ZeroLag_Diferenca_Fase_Same-frequency Com Phase Lag Zero.png  used on input line 139.
(pdftex.def)             Requested size: 364.00139pt x 164.64603pt.
<figs/3_2_testing_connectivity_metrics/17_Comparativo_Subplots_Experimentos.png, id=392, 1293.633pt x 357.9774pt>
File: figs/3_2_testing_connectivity_metrics/17_Comparativo_Subplots_Experimentos.png Graphic file (type png)
<use figs/3_2_testing_connectivity_metrics/17_Comparativo_Subplots_Experimentos.png>
Package pdftex.def Info: figs/3_2_testing_connectivity_metrics/17_Comparativo_Subplots_Experimentos.png  used on input line 148.
(pdftex.def)             Requested size: 455.0pt x 125.90573pt.


[36 <./figs/3_2_testing_connectivity_metrics/11_EEG_Injetado_Same-frequency.png> <./figs/3_2_testing_connectivity_metrics/12_Passo1_Fases_Same-frequency.png>]

[37 <./figs/3_2_testing_connectivity_metrics/13_Passo2_Interferometrico_Same-frequency.png> <./figs/3_2_testing_connectivity_metrics/14_Passo3_FFT_PSD_Same-frequency.png> <./figs/3_2_testing_connectivity_metrics/15_ZeroLag_Fases_Same-frequency Com Phase Lag Zero.png>]

[38 <./figs/3_2_testing_connectivity_metrics/16_ZeroLag_Diferenca_Fase_Same-frequency Com Phase Lag Zero.png> <./figs/3_2_testing_connectivity_metrics/17_Comparativo_Subplots_Experimentos.png>]
<figs/4_connectivity_over_time/Mediana_do_CF-PLM_ao_longo_do_tempo_(EEG_ECG)_Catódica.png, id=421, 653.3208pt x 339.4281pt>
File: figs/4_connectivity_over_time/Mediana_do_CF-PLM_ao_longo_do_tempo_(EEG_ECG)_Catódica.png Graphic file (type png)
<use figs/4_connectivity_over_time/Mediana_do_CF-PLM_ao_longo_do_tempo_(EEG_ECG)_Catódica.png>
Package pdftex.def Info: figs/4_connectivity_over_time/Mediana_do_CF-PLM_ao_longo_do_tempo_(EEG_ECG)_Catódica.png  used on input line 173.
(pdftex.def)             Requested size: 364.00139pt x 189.1151pt.
<figs/4_connectivity_over_time/Mediana_do_PLI_ao_longo_do_tempo_(EEG_EEG)_Catódica.png, id=422, 653.3208pt x 339.4281pt>
File: figs/4_connectivity_over_time/Mediana_do_PLI_ao_longo_do_tempo_(EEG_EEG)_Catódica.png Graphic file (type png)
<use figs/4_connectivity_over_time/Mediana_do_PLI_ao_longo_do_tempo_(EEG_EEG)_Catódica.png>
Package pdftex.def Info: figs/4_connectivity_over_time/Mediana_do_PLI_ao_longo_do_tempo_(EEG_EEG)_Catódica.png  used on input line 180.
(pdftex.def)             Requested size: 364.00139pt x 189.1151pt.
<figs/4_connectivity_over_time/Mediana_do_PLV_ao_longo_do_tempo_(EEG_EEG)_Catódica.png, id=423, 653.3208pt x 339.4281pt>
File: figs/4_connectivity_over_time/Mediana_do_PLV_ao_longo_do_tempo_(EEG_EEG)_Catódica.png Graphic file (type png)
<use figs/4_connectivity_over_time/Mediana_do_PLV_ao_longo_do_tempo_(EEG_EEG)_Catódica.png>
Package pdftex.def Info: figs/4_connectivity_over_time/Mediana_do_PLV_ao_longo_do_tempo_(EEG_EEG)_Catódica.png  used on input line 187.
(pdftex.def)             Requested size: 364.00139pt x 189.1151pt.
) (./capitulos/7_analise_distribuicao_normalidade.tex

[39 <./figs/4_connectivity_over_time/Mediana_do_CF-PLM_ao_longo_do_tempo_(EEG_ECG)_Catódica.png> <./figs/4_connectivity_over_time/Mediana_do_PLI_ao_longo_do_tempo_(EEG_EEG)_Catódica.png>]

[40 <./figs/4_connectivity_over_time/Mediana_do_PLV_ao_longo_do_tempo_(EEG_EEG)_Catódica.png>]
<figs/3_1_connectivity_metrics/Distribuição_de_CF-PLM_(EEG-ECG)_por_Banda.png, id=435, 527.0892pt x 339.1872pt>
File: figs/3_1_connectivity_metrics/Distribuição_de_CF-PLM_(EEG-ECG)_por_Banda.png Graphic file (type png)
<use figs/3_1_connectivity_metrics/Distribuição_de_CF-PLM_(EEG-ECG)_por_Banda.png>
Package pdftex.def Info: figs/3_1_connectivity_metrics/Distribuição_de_CF-PLM_(EEG-ECG)_por_Banda.png  used on input line 13.
(pdftex.def)             Requested size: 318.49861pt x 204.96304pt.
<figs/3_1_connectivity_metrics/Distribuição_de_CF-PLM_(EEG-EEG)_por_Banda.png, id=436, 530.2209pt x 339.1872pt>
File: figs/3_1_connectivity_metrics/Distribuição_de_CF-PLM_(EEG-EEG)_por_Banda.png Graphic file (type png)
<use figs/3_1_connectivity_metrics/Distribuição_de_CF-PLM_(EEG-EEG)_por_Banda.png>
Package pdftex.def Info: figs/3_1_connectivity_metrics/Distribuição_de_CF-PLM_(EEG-EEG)_por_Banda.png  used on input line 20.
(pdftex.def)             Requested size: 318.49861pt x 203.74678pt.
<figs/3_1_connectivity_metrics/Distribuição_de_PLI_(EEG-ECG)_por_Banda.png, id=437, 527.0892pt x 339.1872pt>
File: figs/3_1_connectivity_metrics/Distribuição_de_PLI_(EEG-ECG)_por_Banda.png Graphic file (type png)
<use figs/3_1_connectivity_metrics/Distribuição_de_PLI_(EEG-ECG)_por_Banda.png>
Package pdftex.def Info: figs/3_1_connectivity_metrics/Distribuição_de_PLI_(EEG-ECG)_por_Banda.png  used on input line 27.
(pdftex.def)             Requested size: 318.49861pt x 204.96304pt.
<figs/3_1_connectivity_metrics/Distribuição_de_PLI_(EEG-EEG)_por_Banda.png, id=438, 526.8483pt x 339.1872pt>
File: figs/3_1_connectivity_metrics/Distribuição_de_PLI_(EEG-EEG)_por_Banda.png Graphic file (type png)
<use figs/3_1_connectivity_metrics/Distribuição_de_PLI_(EEG-EEG)_por_Banda.png>
Package pdftex.def Info: figs/3_1_connectivity_metrics/Distribuição_de_PLI_(EEG-EEG)_por_Banda.png  used on input line 34.
(pdftex.def)             Requested size: 318.49861pt x 205.05103pt.
<figs/3_1_connectivity_metrics/Distribuição_de_PLV_(EEG-ECG)_por_Banda.png, id=439, 527.0892pt x 339.1872pt>
File: figs/3_1_connectivity_metrics/Distribuição_de_PLV_(EEG-ECG)_por_Banda.png Graphic file (type png)
<use figs/3_1_connectivity_metrics/Distribuição_de_PLV_(EEG-ECG)_por_Banda.png>
Package pdftex.def Info: figs/3_1_connectivity_metrics/Distribuição_de_PLV_(EEG-ECG)_por_Banda.png  used on input line 41.
(pdftex.def)             Requested size: 318.49861pt x 204.96304pt.
<figs/3_1_connectivity_metrics/Distribuição_de_PLV_(EEG-EEG)_por_Banda.png, id=440, 530.2209pt x 339.1872pt>
File: figs/3_1_connectivity_metrics/Distribuição_de_PLV_(EEG-EEG)_por_Banda.png Graphic file (type png)
<use figs/3_1_connectivity_metrics/Distribuição_de_PLV_(EEG-EEG)_por_Banda.png>
Package pdftex.def Info: figs/3_1_connectivity_metrics/Distribuição_de_PLV_(EEG-EEG)_por_Banda.png  used on input line 48.
(pdftex.def)             Requested size: 318.49861pt x 203.74678pt.


[41

 <./figs/3_1_connectivity_metrics/Distribuição_de_CF-PLM_(EEG-ECG)_por_Banda.png>]

[42 <./figs/3_1_connectivity_metrics/Distribuição_de_CF-PLM_(EEG-EEG)_por_Banda.png> <./figs/3_1_connectivity_metrics/Distribuição_de_PLI_(EEG-ECG)_por_Banda.png>]
LaTeX Font Info:    Trying to load font information for T1+lmtt on input line 62.
 (c:/texlive/2024/texmf-dist/tex/latex/lm/t1lmtt.fd
File: t1lmtt.fd 2015/05/01 v1.6.1 Font defs for Latin Modern
)
Package microtype Info: Loading generic protrusion settings for font family
(microtype)             `lmtt' (encoding: T1).
(microtype)             For optimal results, create family-specific settings.
(microtype)             See the microtype manual for details.


[43 <./figs/3_1_connectivity_metrics/Distribuição_de_PLI_(EEG-EEG)_por_Banda.png> <./figs/3_1_connectivity_metrics/Distribuição_de_PLV_(EEG-ECG)_por_Banda.png>]
<figs/6_distribuicao_metricas_conectividade/Distribuição_da_Diferença_da_PLI_(Pós_-_Pré)_por_Faixa_de_Frequência_EEG_EEG.png, id=470, 1004.553pt x 425.1885pt>
File: figs/6_distribuicao_metricas_conectividade/Distribuição_da_Diferença_da_PLI_(Pós_-_Pré)_por_Faixa_de_Frequência_EEG_EEG.png Graphic file (type png)
<use figs/6_distribuicao_metricas_conectividade/Distribuição_da_Diferença_da_PLI_(Pós_-_Pré)_por_Faixa_de_Frequência_EEG_EEG.png>
Package pdftex.def Info: figs/6_distribuicao_metricas_conectividade/Distribuição_da_Diferença_da_PLI_(Pós_-_Pré)_por_Faixa_de_Frequência_EEG_EEG.png  used on input line 68.
(pdftex.def)             Requested size: 364.00139pt x 154.06686pt.
<figs/6_distribuicao_metricas_conectividade/Distribuição_da_Diferença_da_PLI_(Pós_-_Pré)_por_Faixa_de_Frequência_EEG_ECG.png, id=471, 1004.553pt x 425.1885pt>
File: figs/6_distribuicao_metricas_conectividade/Distribuição_da_Diferença_da_PLI_(Pós_-_Pré)_por_Faixa_de_Frequência_EEG_ECG.png Graphic file (type png)
<use figs/6_distribuicao_metricas_conectividade/Distribuição_da_Diferença_da_PLI_(Pós_-_Pré)_por_Faixa_de_Frequência_EEG_ECG.png>
Package pdftex.def Info: figs/6_distribuicao_metricas_conectividade/Distribuição_da_Diferença_da_PLI_(Pós_-_Pré)_por_Faixa_de_Frequência_EEG_ECG.png  used on input line 75.
(pdftex.def)             Requested size: 364.00139pt x 154.06686pt.
<figs/6_distribuicao_metricas_conectividade/Distribuição_Geral_da_Diferença_da_PLI_(Pós_-_Pré)_por_Grupo_de_Canais_EEG_EEG.png, id=472, 1004.553pt x 425.1885pt>
File: figs/6_distribuicao_metricas_conectividade/Distribuição_Geral_da_Diferença_da_PLI_(Pós_-_Pré)_por_Grupo_de_Canais_EEG_EEG.png Graphic file (type png)
<use figs/6_distribuicao_metricas_conectividade/Distribuição_Geral_da_Diferença_da_PLI_(Pós_-_Pré)_por_Grupo_de_Canais_EEG_EEG.png>
Package pdftex.def Info: figs/6_distribuicao_metricas_conectividade/Distribuição_Geral_da_Diferença_da_PLI_(Pós_-_Pré)_por_Grupo_de_Canais_EEG_EEG.png  used on input line 82.
(pdftex.def)             Requested size: 364.00139pt x 154.06686pt.
<figs/6_distribuicao_metricas_conectividade/Distribuição_Geral_da_Diferença_da_PLI_(Pós_-_Pré)_por_Grupo_de_Canais_EEG_ECG.png, id=473, 1004.553pt x 425.1885pt>
File: figs/6_distribuicao_metricas_conectividade/Distribuição_Geral_da_Diferença_da_PLI_(Pós_-_Pré)_por_Grupo_de_Canais_EEG_ECG.png Graphic file (type png)
<use figs/6_distribuicao_metricas_conectividade/Distribuição_Geral_da_Diferença_da_PLI_(Pós_-_Pré)_por_Grupo_de_Canais_EEG_ECG.png>
Package pdftex.def Info: figs/6_distribuicao_metricas_conectividade/Distribuição_Geral_da_Diferença_da_PLI_(Pós_-_Pré)_por_Grupo_de_Canais_EEG_ECG.png  used on input line 89.
(pdftex.def)             Requested size: 364.00139pt x 154.06686pt.
<figs/6_distribuicao_metricas_conectividade/Distribuição_da_Diferença_da_CF-PLM_(Pós_-_Pré)_por_Faixa_de_Frequência_EEG_EEG.png, id=474, 1004.553pt x 425.1885pt>
File: figs/6_distribuicao_metricas_conectividade/Distribuição_da_Diferença_da_CF-PLM_(Pós_-_Pré)_por_Faixa_de_Frequência_EEG_EEG.png Graphic file (type png)
<use figs/6_distribuicao_metricas_conectividade/Distribuição_da_Diferença_da_CF-PLM_(Pós_-_Pré)_por_Faixa_de_Frequência_EEG_EEG.png>
Package pdftex.def Info: figs/6_distribuicao_metricas_conectividade/Distribuição_da_Diferença_da_CF-PLM_(Pós_-_Pré)_por_Faixa_de_Frequência_EEG_EEG.png  used on input line 96.
(pdftex.def)             Requested size: 364.00139pt x 154.06686pt.
<figs/6_distribuicao_metricas_conectividade/Distribuição_da_Diferença_da_CF-PLM_(Pós_-_Pré)_por_Faixa_de_Frequência_EEG_ECG.png, id=475, 1004.553pt x 425.1885pt>
File: figs/6_distribuicao_metricas_conectividade/Distribuição_da_Diferença_da_CF-PLM_(Pós_-_Pré)_por_Faixa_de_Frequência_EEG_ECG.png Graphic file (type png)
<use figs/6_distribuicao_metricas_conectividade/Distribuição_da_Diferença_da_CF-PLM_(Pós_-_Pré)_por_Faixa_de_Frequência_EEG_ECG.png>
Package pdftex.def Info: figs/6_distribuicao_metricas_conectividade/Distribuição_da_Diferença_da_CF-PLM_(Pós_-_Pré)_por_Faixa_de_Frequência_EEG_ECG.png  used on input line 103.
(pdftex.def)             Requested size: 364.00139pt x 154.06686pt.
<figs/6_distribuicao_metricas_conectividade/Distribuição_Geral_da_Diferença_da_CF-PLM_(Pós_-_Pré)_por_Grupo_de_Canais_EEG_EEG.png, id=476, 1004.553pt x 425.1885pt>
File: figs/6_distribuicao_metricas_conectividade/Distribuição_Geral_da_Diferença_da_CF-PLM_(Pós_-_Pré)_por_Grupo_de_Canais_EEG_EEG.png Graphic file (type png)
<use figs/6_distribuicao_metricas_conectividade/Distribuição_Geral_da_Diferença_da_CF-PLM_(Pós_-_Pré)_por_Grupo_de_Canais_EEG_EEG.png>
Package pdftex.def Info: figs/6_distribuicao_metricas_conectividade/Distribuição_Geral_da_Diferença_da_CF-PLM_(Pós_-_Pré)_por_Grupo_de_Canais_EEG_EEG.png  used on input line 110.
(pdftex.def)             Requested size: 364.00139pt x 154.06686pt.
<figs/6_distribuicao_metricas_conectividade/Distribuição_Geral_da_Diferença_da_CF-PLM_(Pós_-_Pré)_por_Grupo_de_Canais_EEG_ECG.png, id=477, 1004.553pt x 425.1885pt>
File: figs/6_distribuicao_metricas_conectividade/Distribuição_Geral_da_Diferença_da_CF-PLM_(Pós_-_Pré)_por_Grupo_de_Canais_EEG_ECG.png Graphic file (type png)
<use figs/6_distribuicao_metricas_conectividade/Distribuição_Geral_da_Diferença_da_CF-PLM_(Pós_-_Pré)_por_Grupo_de_Canais_EEG_ECG.png>
Package pdftex.def Info: figs/6_distribuicao_metricas_conectividade/Distribuição_Geral_da_Diferença_da_CF-PLM_(Pós_-_Pré)_por_Grupo_de_Canais_EEG_ECG.png  used on input line 117.
(pdftex.def)             Requested size: 364.00139pt x 154.06686pt.

Overfull \hbox (10.66423pt too wide) in paragraph at lines 123--124
\T1/lmr/m/n/12 (-20) caso in-di-vi-dual, a Fi-gura [][]35[][] exibe a dis-tri-bui-o da di-fe-rena da m-trica \T1/lmtt/m/n/12 median_cf_plm_diff
 []

<figs/5_connectivity_metrics_individual_distribution/median_cf_plm_diff_athlete_4_alpha_EEG_ECG.png, id=480, 491.6769pt x 339.9099pt>
File: figs/5_connectivity_metrics_individual_distribution/median_cf_plm_diff_athlete_4_alpha_EEG_ECG.png Graphic file (type png)
<use figs/5_connectivity_metrics_individual_distribution/median_cf_plm_diff_athlete_4_alpha_EEG_ECG.png>
Package pdftex.def Info: figs/5_connectivity_metrics_individual_distribution/median_cf_plm_diff_athlete_4_alpha_EEG_ECG.png  used on input line 127.
(pdftex.def)             Requested size: 364.00139pt x 251.65385pt.


[44 <./figs/3_1_connectivity_metrics/Distribuição_de_PLV_(EEG-EEG)_por_Banda.png> <./figs/6_distribuicao_metricas_conectividade/Distribuição_da_Diferença_da_PLI_(Pós_-_Pré)_por_Faixa_de_Frequência_EEG_EEG.png>]
<figs/5_connectivity_metrics_individual_distribution/median_pli_diff_athlete_4_alpha_EEG_EEG.png, id=492, 485.1726pt x 339.9099pt>
File: figs/5_connectivity_metrics_individual_distribution/median_pli_diff_athlete_4_alpha_EEG_EEG.png Graphic file (type png)
<use figs/5_connectivity_metrics_individual_distribution/median_pli_diff_athlete_4_alpha_EEG_EEG.png>
Package pdftex.def Info: figs/5_connectivity_metrics_individual_distribution/median_pli_diff_athlete_4_alpha_EEG_EEG.png  used on input line 134.
(pdftex.def)             Requested size: 364.00139pt x 255.02515pt.


[45 <./figs/6_distribuicao_metricas_conectividade/Distribuição_da_Diferença_da_PLI_(Pós_-_Pré)_por_Faixa_de_Frequência_EEG_ECG.png> <./figs/6_distribuicao_metricas_conectividade/Distribuição_Geral_da_Diferença_da_PLI_(Pós_-_Pré)_por_Grupo_de_Canais_EEG_EEG.png> <./figs/6_distribuicao_metricas_conectividade/Distribuição_Geral_da_Diferença_da_PLI_(Pós_-_Pré)_por_Grupo_de_Canais_EEG_ECG.png>]
Underfull \vbox (badness 2165) has occurred while \output is active []



[46 <./figs/6_distribuicao_metricas_conectividade/Distribuição_da_Diferença_da_CF-PLM_(Pós_-_Pré)_por_Faixa_de_Frequência_EEG_EEG.png> <./figs/6_distribuicao_metricas_conectividade/Distribuição_da_Diferença_da_CF-PLM_(Pós_-_Pré)_por_Faixa_de_Frequência_EEG_ECG.png> <./figs/6_distribuicao_metricas_conectividade/Distribuição_Geral_da_Diferença_da_CF-PLM_(Pós_-_Pré)_por_Grupo_de_Canais_EEG_EEG.png>]
Underfull \vbox (badness 10000) has occurred while \output is active []



[47 <./figs/6_distribuicao_metricas_conectividade/Distribuição_Geral_da_Diferença_da_CF-PLM_(Pós_-_Pré)_por_Grupo_de_Canais_EEG_ECG.png> <./figs/5_connectivity_metrics_individual_distribution/median_cf_plm_diff_athlete_4_alpha_EEG_ECG.png>]

[48 <./figs/5_connectivity_metrics_individual_distribution/median_pli_diff_athlete_4_alpha_EEG_EEG.png>]

[49]) (./capitulos/8_analise_estatistica_np.tex

[50]

[51

]

[52]

[53]

LaTeX Warning: Citation `li2022' on page 54 undefined on input line 81.



[54]

[55]
<figs/7_bootstrap_results_analysis/1_effect_size_histograms/Effect_Size_Histograms_PLI_EEGEEG_Sem_Outliers.png, id=581, 1293.633pt x 859.0494pt>
File: figs/7_bootstrap_results_analysis/1_effect_size_histograms/Effect_Size_Histograms_PLI_EEGEEG_Sem_Outliers.png Graphic file (type png)
<use figs/7_bootstrap_results_analysis/1_effect_size_histograms/Effect_Size_Histograms_PLI_EEGEEG_Sem_Outliers.png>
Package pdftex.def Info: figs/7_bootstrap_results_analysis/1_effect_size_histograms/Effect_Size_Histograms_PLI_EEGEEG_Sem_Outliers.png  used on input line 115.
(pdftex.def)             Requested size: 204.74861pt x 135.95639pt.
<figs/7_bootstrap_results_analysis/1_effect_size_histograms/Effect_Size_Histograms_CFPLM_EEGECG_Sem_Outliers.png, id=582, 1293.633pt x 859.0494pt>
File: figs/7_bootstrap_results_analysis/1_effect_size_histograms/Effect_Size_Histograms_CFPLM_EEGECG_Sem_Outliers.png Graphic file (type png)
<use figs/7_bootstrap_results_analysis/1_effect_size_histograms/Effect_Size_Histograms_CFPLM_EEGECG_Sem_Outliers.png>
Package pdftex.def Info: figs/7_bootstrap_results_analysis/1_effect_size_histograms/Effect_Size_Histograms_CFPLM_EEGECG_Sem_Outliers.png  used on input line 120.
(pdftex.def)             Requested size: 204.74861pt x 135.95639pt.
<figs/7_bootstrap_results_analysis/1_effect_size_histograms/Effect_Size_Histograms_PLI_EEGEEG_Com_Outliers.png, id=583, 1293.633pt x 859.0494pt>
File: figs/7_bootstrap_results_analysis/1_effect_size_histograms/Effect_Size_Histograms_PLI_EEGEEG_Com_Outliers.png Graphic file (type png)
<use figs/7_bootstrap_results_analysis/1_effect_size_histograms/Effect_Size_Histograms_PLI_EEGEEG_Com_Outliers.png>
Package pdftex.def Info: figs/7_bootstrap_results_analysis/1_effect_size_histograms/Effect_Size_Histograms_PLI_EEGEEG_Com_Outliers.png  used on input line 125.
(pdftex.def)             Requested size: 204.74861pt x 135.95639pt.
<figs/7_bootstrap_results_analysis/1_effect_size_histograms/Effect_Size_Histograms_CFPLM_EEGECG_Com_Outliers.png, id=584, 1293.633pt x 859.0494pt>
File: figs/7_bootstrap_results_analysis/1_effect_size_histograms/Effect_Size_Histograms_CFPLM_EEGECG_Com_Outliers.png Graphic file (type png)
<use figs/7_bootstrap_results_analysis/1_effect_size_histograms/Effect_Size_Histograms_CFPLM_EEGECG_Com_Outliers.png>
Package pdftex.def Info: figs/7_bootstrap_results_analysis/1_effect_size_histograms/Effect_Size_Histograms_CFPLM_EEGECG_Com_Outliers.png  used on input line 130.
(pdftex.def)             Requested size: 204.74861pt x 135.95639pt.


[56 <./figs/7_bootstrap_results_analysis/1_effect_size_histograms/Effect_Size_Histograms_PLI_EEGEEG_Sem_Outliers.png> <./figs/7_bootstrap_results_analysis/1_effect_size_histograms/Effect_Size_Histograms_CFPLM_EEGECG_Sem_Outliers.png> <./figs/7_bootstrap_results_analysis/1_effect_size_histograms/Effect_Size_Histograms_PLI_EEGEEG_Com_Outliers.png> <./figs/7_bootstrap_results_analysis/1_effect_size_histograms/Effect_Size_Histograms_CFPLM_EEGECG_Com_Outliers.png>]

[57]
LaTeX Font Info:    Font shape `T1/lmtt/bx/n' in size <12> not available
(Font)              Font shape `T1/lmtt/b/n' tried instead on input line 175.


[58]
<figs/7_bootstrap_results_analysis/2_network_graphs/PLI_EEG-EEG_Sem_Outliers/Banda_Delta_(0.5_a_4_Hz)_-_Análise_de_Rede_-_PLI_EEG-EEG_Sem_Outliers.png, id=615, 906.2658pt x 586.1097pt>
File: figs/7_bootstrap_results_analysis/2_network_graphs/PLI_EEG-EEG_Sem_Outliers/Banda_Delta_(0.5_a_4_Hz)_-_Análise_de_Rede_-_PLI_EEG-EEG_Sem_Outliers.png Graphic file (type png)
<use figs/7_bootstrap_results_analysis/2_network_graphs/PLI_EEG-EEG_Sem_Outliers/Banda_Delta_(0.5_a_4_Hz)_-_Análise_de_Rede_-_PLI_EEG-EEG_Sem_Outliers.png>
Package pdftex.def Info: figs/7_bootstrap_results_analysis/2_network_graphs/PLI_EEG-EEG_Sem_Outliers/Banda_Delta_(0.5_a_4_Hz)_-_Análise_de_Rede_-_PLI_EEG-EEG_Sem_Outliers.png  used on input line 199.
(pdftex.def)             Requested size: 364.00139pt x 235.4056pt.
<figs/7_bootstrap_results_analysis/2_network_graphs/PLI_EEG-EEG_Sem_Outliers/Banda_Theta_(4_Hz_a_8_Hz)_-_Análise_de_Rede_-_PLI_EEG-EEG_Sem_Outliers.png, id=616, 906.2658pt x 586.1097pt>
File: figs/7_bootstrap_results_analysis/2_network_graphs/PLI_EEG-EEG_Sem_Outliers/Banda_Theta_(4_Hz_a_8_Hz)_-_Análise_de_Rede_-_PLI_EEG-EEG_Sem_Outliers.png Graphic file (type png)
<use figs/7_bootstrap_results_analysis/2_network_graphs/PLI_EEG-EEG_Sem_Outliers/Banda_Theta_(4_Hz_a_8_Hz)_-_Análise_de_Rede_-_PLI_EEG-EEG_Sem_Outliers.png>
Package pdftex.def Info: figs/7_bootstrap_results_analysis/2_network_graphs/PLI_EEG-EEG_Sem_Outliers/Banda_Theta_(4_Hz_a_8_Hz)_-_Análise_de_Rede_-_PLI_EEG-EEG_Sem_Outliers.png  used on input line 207.
(pdftex.def)             Requested size: 364.00139pt x 235.4056pt.
<figs/7_bootstrap_results_analysis/2_network_graphs/PLI_EEG-EEG_Sem_Outliers/Banda_Alpha_(8_Hz_a_13_Hz)_-_Análise_de_Rede_-_PLI_EEG-EEG_Sem_Outliers.png, id=617, 906.2658pt x 586.5915pt>
File: figs/7_bootstrap_results_analysis/2_network_graphs/PLI_EEG-EEG_Sem_Outliers/Banda_Alpha_(8_Hz_a_13_Hz)_-_Análise_de_Rede_-_PLI_EEG-EEG_Sem_Outliers.png Graphic file (type png)
<use figs/7_bootstrap_results_analysis/2_network_graphs/PLI_EEG-EEG_Sem_Outliers/Banda_Alpha_(8_Hz_a_13_Hz)_-_Análise_de_Rede_-_PLI_EEG-EEG_Sem_Outliers.png>
Package pdftex.def Info: figs/7_bootstrap_results_analysis/2_network_graphs/PLI_EEG-EEG_Sem_Outliers/Banda_Alpha_(8_Hz_a_13_Hz)_-_Análise_de_Rede_-_PLI_EEG-EEG_Sem_Outliers.png  used on input line 215.
(pdftex.def)             Requested size: 364.00139pt x 235.5991pt.
<figs/7_bootstrap_results_analysis/2_network_graphs/PLI_EEG-EEG_Sem_Outliers/Banda_Beta_(13_Hz_a_30_Hz)_-_Análise_de_Rede_-_PLI_EEG-EEG_Sem_Outliers.png, id=618, 906.2658pt x 586.1097pt>
File: figs/7_bootstrap_results_analysis/2_network_graphs/PLI_EEG-EEG_Sem_Outliers/Banda_Beta_(13_Hz_a_30_Hz)_-_Análise_de_Rede_-_PLI_EEG-EEG_Sem_Outliers.png Graphic file (type png)
<use figs/7_bootstrap_results_analysis/2_network_graphs/PLI_EEG-EEG_Sem_Outliers/Banda_Beta_(13_Hz_a_30_Hz)_-_Análise_de_Rede_-_PLI_EEG-EEG_Sem_Outliers.png>
Package pdftex.def Info: figs/7_bootstrap_results_analysis/2_network_graphs/PLI_EEG-EEG_Sem_Outliers/Banda_Beta_(13_Hz_a_30_Hz)_-_Análise_de_Rede_-_PLI_EEG-EEG_Sem_Outliers.png  used on input line 223.
(pdftex.def)             Requested size: 364.00139pt x 235.4056pt.
<figs/7_bootstrap_results_analysis/2_network_graphs/PLI_EEG-EEG_Sem_Outliers/Banda_Gamma_(30_Hz_a_60_Hz)_-_Análise_de_Rede_-_PLI_EEG-EEG_Sem_Outliers.png, id=619, 906.2658pt x 586.1097pt>
File: figs/7_bootstrap_results_analysis/2_network_graphs/PLI_EEG-EEG_Sem_Outliers/Banda_Gamma_(30_Hz_a_60_Hz)_-_Análise_de_Rede_-_PLI_EEG-EEG_Sem_Outliers.png Graphic file (type png)
<use figs/7_bootstrap_results_analysis/2_network_graphs/PLI_EEG-EEG_Sem_Outliers/Banda_Gamma_(30_Hz_a_60_Hz)_-_Análise_de_Rede_-_PLI_EEG-EEG_Sem_Outliers.png>
Package pdftex.def Info: figs/7_bootstrap_results_analysis/2_network_graphs/PLI_EEG-EEG_Sem_Outliers/Banda_Gamma_(30_Hz_a_60_Hz)_-_Análise_de_Rede_-_PLI_EEG-EEG_Sem_Outliers.png  used on input line 231.
(pdftex.def)             Requested size: 364.00139pt x 235.4056pt.
<figs/7_bootstrap_results_analysis/2_network_graphs/PLI_EEG-EEG_Com_Outliers/Banda_Delta_(0.5_a_4_Hz)_-_Análise_de_Rede_-_PLI_EEG-EEG_Com_Outliers.png, id=620, 906.2658pt x 586.1097pt>
File: figs/7_bootstrap_results_analysis/2_network_graphs/PLI_EEG-EEG_Com_Outliers/Banda_Delta_(0.5_a_4_Hz)_-_Análise_de_Rede_-_PLI_EEG-EEG_Com_Outliers.png Graphic file (type png)
<use figs/7_bootstrap_results_analysis/2_network_graphs/PLI_EEG-EEG_Com_Outliers/Banda_Delta_(0.5_a_4_Hz)_-_Análise_de_Rede_-_PLI_EEG-EEG_Com_Outliers.png>
Package pdftex.def Info: figs/7_bootstrap_results_analysis/2_network_graphs/PLI_EEG-EEG_Com_Outliers/Banda_Delta_(0.5_a_4_Hz)_-_Análise_de_Rede_-_PLI_EEG-EEG_Com_Outliers.png  used on input line 240.
(pdftex.def)             Requested size: 364.00139pt x 235.4056pt.

Underfull \vbox (badness 10000) has occurred while \output is active []



[59]
<figs/7_bootstrap_results_analysis/2_network_graphs/PLI_EEG-EEG_Com_Outliers/Banda_Theta_(4_Hz_a_8_Hz)_-_Análise_de_Rede_-_PLI_EEG-EEG_Com_Outliers.png, id=627, 906.2658pt x 586.1097pt>
File: figs/7_bootstrap_results_analysis/2_network_graphs/PLI_EEG-EEG_Com_Outliers/Banda_Theta_(4_Hz_a_8_Hz)_-_Análise_de_Rede_-_PLI_EEG-EEG_Com_Outliers.png Graphic file (type png)
<use figs/7_bootstrap_results_analysis/2_network_graphs/PLI_EEG-EEG_Com_Outliers/Banda_Theta_(4_Hz_a_8_Hz)_-_Análise_de_Rede_-_PLI_EEG-EEG_Com_Outliers.png>
Package pdftex.def Info: figs/7_bootstrap_results_analysis/2_network_graphs/PLI_EEG-EEG_Com_Outliers/Banda_Theta_(4_Hz_a_8_Hz)_-_Análise_de_Rede_-_PLI_EEG-EEG_Com_Outliers.png  used on input line 248.
(pdftex.def)             Requested size: 364.00139pt x 235.4056pt.
<figs/7_bootstrap_results_analysis/2_network_graphs/PLI_EEG-EEG_Com_Outliers/Banda_Alpha_(8_Hz_a_13_Hz)_-_Análise_de_Rede_-_PLI_EEG-EEG_Com_Outliers.png, id=628, 906.2658pt x 586.5915pt>
File: figs/7_bootstrap_results_analysis/2_network_graphs/PLI_EEG-EEG_Com_Outliers/Banda_Alpha_(8_Hz_a_13_Hz)_-_Análise_de_Rede_-_PLI_EEG-EEG_Com_Outliers.png Graphic file (type png)
<use figs/7_bootstrap_results_analysis/2_network_graphs/PLI_EEG-EEG_Com_Outliers/Banda_Alpha_(8_Hz_a_13_Hz)_-_Análise_de_Rede_-_PLI_EEG-EEG_Com_Outliers.png>
Package pdftex.def Info: figs/7_bootstrap_results_analysis/2_network_graphs/PLI_EEG-EEG_Com_Outliers/Banda_Alpha_(8_Hz_a_13_Hz)_-_Análise_de_Rede_-_PLI_EEG-EEG_Com_Outliers.png  used on input line 256.
(pdftex.def)             Requested size: 364.00139pt x 235.5991pt.
<figs/7_bootstrap_results_analysis/2_network_graphs/PLI_EEG-EEG_Com_Outliers/Banda_Beta_(13_Hz_a_30_Hz)_-_Análise_de_Rede_-_PLI_EEG-EEG_Com_Outliers.png, id=629, 906.2658pt x 586.1097pt>
File: figs/7_bootstrap_results_analysis/2_network_graphs/PLI_EEG-EEG_Com_Outliers/Banda_Beta_(13_Hz_a_30_Hz)_-_Análise_de_Rede_-_PLI_EEG-EEG_Com_Outliers.png Graphic file (type png)
<use figs/7_bootstrap_results_analysis/2_network_graphs/PLI_EEG-EEG_Com_Outliers/Banda_Beta_(13_Hz_a_30_Hz)_-_Análise_de_Rede_-_PLI_EEG-EEG_Com_Outliers.png>
Package pdftex.def Info: figs/7_bootstrap_results_analysis/2_network_graphs/PLI_EEG-EEG_Com_Outliers/Banda_Beta_(13_Hz_a_30_Hz)_-_Análise_de_Rede_-_PLI_EEG-EEG_Com_Outliers.png  used on input line 264.
(pdftex.def)             Requested size: 364.00139pt x 235.4056pt.
<figs/7_bootstrap_results_analysis/2_network_graphs/PLI_EEG-EEG_Com_Outliers/Banda_Gamma_(30_Hz_a_60_Hz)_-_Análise_de_Rede_-_PLI_EEG-EEG_Com_Outliers.png, id=630, 906.2658pt x 586.1097pt>
File: figs/7_bootstrap_results_analysis/2_network_graphs/PLI_EEG-EEG_Com_Outliers/Banda_Gamma_(30_Hz_a_60_Hz)_-_Análise_de_Rede_-_PLI_EEG-EEG_Com_Outliers.png Graphic file (type png)
<use figs/7_bootstrap_results_analysis/2_network_graphs/PLI_EEG-EEG_Com_Outliers/Banda_Gamma_(30_Hz_a_60_Hz)_-_Análise_de_Rede_-_PLI_EEG-EEG_Com_Outliers.png>
Package pdftex.def Info: figs/7_bootstrap_results_analysis/2_network_graphs/PLI_EEG-EEG_Com_Outliers/Banda_Gamma_(30_Hz_a_60_Hz)_-_Análise_de_Rede_-_PLI_EEG-EEG_Com_Outliers.png  used on input line 272.
(pdftex.def)             Requested size: 364.00139pt x 235.4056pt.


[60 <./figs/7_bootstrap_results_analysis/2_network_graphs/PLI_EEG-EEG_Sem_Outliers/Banda_Delta_(0.5_a_4_Hz)_-_Análise_de_Rede_-_PLI_EEG-EEG_Sem_Outliers.png>]

[61 <./figs/7_bootstrap_results_analysis/2_network_graphs/PLI_EEG-EEG_Sem_Outliers/Banda_Theta_(4_Hz_a_8_Hz)_-_Análise_de_Rede_-_PLI_EEG-EEG_Sem_Outliers.png>]
Underfull \vbox (badness 4120) has occurred while \output is active []



[62 <./figs/7_bootstrap_results_analysis/2_network_graphs/PLI_EEG-EEG_Sem_Outliers/Banda_Alpha_(8_Hz_a_13_Hz)_-_Análise_de_Rede_-_PLI_EEG-EEG_Sem_Outliers.png> <./figs/7_bootstrap_results_analysis/2_network_graphs/PLI_EEG-EEG_Sem_Outliers/Banda_Beta_(13_Hz_a_30_Hz)_-_Análise_de_Rede_-_PLI_EEG-EEG_Sem_Outliers.png>]
<figs/7_bootstrap_results_analysis/2_network_graphs/CF-PLM_EEG-ECG_Sem_Outliers/Banda_Delta_(0.5_a_4_Hz)_-_Análise_de_Rede_-_CF-PLM_EEG-ECG_Sem_Outliers.png, id=666, 906.2658pt x 586.1097pt>
File: figs/7_bootstrap_results_analysis/2_network_graphs/CF-PLM_EEG-ECG_Sem_Outliers/Banda_Delta_(0.5_a_4_Hz)_-_Análise_de_Rede_-_CF-PLM_EEG-ECG_Sem_Outliers.png Graphic file (type png)
<use figs/7_bootstrap_results_analysis/2_network_graphs/CF-PLM_EEG-ECG_Sem_Outliers/Banda_Delta_(0.5_a_4_Hz)_-_Análise_de_Rede_-_CF-PLM_EEG-ECG_Sem_Outliers.png>
Package pdftex.def Info: figs/7_bootstrap_results_analysis/2_network_graphs/CF-PLM_EEG-ECG_Sem_Outliers/Banda_Delta_(0.5_a_4_Hz)_-_Análise_de_Rede_-_CF-PLM_EEG-ECG_Sem_Outliers.png  used on input line 298.
(pdftex.def)             Requested size: 364.00139pt x 235.4056pt.
<figs/7_bootstrap_results_analysis/2_network_graphs/CF-PLM_EEG-ECG_Sem_Outliers/Banda_Theta_(4_Hz_a_8_Hz)_-_Análise_de_Rede_-_CF-PLM_EEG-ECG_Sem_Outliers.png, id=667, 906.2658pt x 586.1097pt>
File: figs/7_bootstrap_results_analysis/2_network_graphs/CF-PLM_EEG-ECG_Sem_Outliers/Banda_Theta_(4_Hz_a_8_Hz)_-_Análise_de_Rede_-_CF-PLM_EEG-ECG_Sem_Outliers.png Graphic file (type png)
<use figs/7_bootstrap_results_analysis/2_network_graphs/CF-PLM_EEG-ECG_Sem_Outliers/Banda_Theta_(4_Hz_a_8_Hz)_-_Análise_de_Rede_-_CF-PLM_EEG-ECG_Sem_Outliers.png>
Package pdftex.def Info: figs/7_bootstrap_results_analysis/2_network_graphs/CF-PLM_EEG-ECG_Sem_Outliers/Banda_Theta_(4_Hz_a_8_Hz)_-_Análise_de_Rede_-_CF-PLM_EEG-ECG_Sem_Outliers.png  used on input line 306.
(pdftex.def)             Requested size: 364.00139pt x 235.4056pt.

Underfull \vbox (badness 10000) has occurred while \output is active []



[63 <./figs/7_bootstrap_results_analysis/2_network_graphs/PLI_EEG-EEG_Sem_Outliers/Banda_Gamma_(30_Hz_a_60_Hz)_-_Análise_de_Rede_-_PLI_EEG-EEG_Sem_Outliers.png> <./figs/7_bootstrap_results_analysis/2_network_graphs/PLI_EEG-EEG_Com_Outliers/Banda_Delta_(0.5_a_4_Hz)_-_Análise_de_Rede_-_PLI_EEG-EEG_Com_Outliers.png>]
<figs/7_bootstrap_results_analysis/2_network_graphs/CF-PLM_EEG-ECG_Sem_Outliers/Banda_Alpha_(8_Hz_a_13_Hz)_-_Análise_de_Rede_-_CF-PLM_EEG-ECG_Sem_Outliers.png, id=676, 906.2658pt x 586.5915pt>
File: figs/7_bootstrap_results_analysis/2_network_graphs/CF-PLM_EEG-ECG_Sem_Outliers/Banda_Alpha_(8_Hz_a_13_Hz)_-_Análise_de_Rede_-_CF-PLM_EEG-ECG_Sem_Outliers.png Graphic file (type png)
<use figs/7_bootstrap_results_analysis/2_network_graphs/CF-PLM_EEG-ECG_Sem_Outliers/Banda_Alpha_(8_Hz_a_13_Hz)_-_Análise_de_Rede_-_CF-PLM_EEG-ECG_Sem_Outliers.png>
Package pdftex.def Info: figs/7_bootstrap_results_analysis/2_network_graphs/CF-PLM_EEG-ECG_Sem_Outliers/Banda_Alpha_(8_Hz_a_13_Hz)_-_Análise_de_Rede_-_CF-PLM_EEG-ECG_Sem_Outliers.png  used on input line 314.
(pdftex.def)             Requested size: 364.00139pt x 235.5991pt.
<figs/7_bootstrap_results_analysis/2_network_graphs/CF-PLM_EEG-ECG_Sem_Outliers/Banda_Beta_(13_Hz_a_30_Hz)_-_Análise_de_Rede_-_CF-PLM_EEG-ECG_Sem_Outliers.png, id=677, 906.2658pt x 586.1097pt>
File: figs/7_bootstrap_results_analysis/2_network_graphs/CF-PLM_EEG-ECG_Sem_Outliers/Banda_Beta_(13_Hz_a_30_Hz)_-_Análise_de_Rede_-_CF-PLM_EEG-ECG_Sem_Outliers.png Graphic file (type png)
<use figs/7_bootstrap_results_analysis/2_network_graphs/CF-PLM_EEG-ECG_Sem_Outliers/Banda_Beta_(13_Hz_a_30_Hz)_-_Análise_de_Rede_-_CF-PLM_EEG-ECG_Sem_Outliers.png>
Package pdftex.def Info: figs/7_bootstrap_results_analysis/2_network_graphs/CF-PLM_EEG-ECG_Sem_Outliers/Banda_Beta_(13_Hz_a_30_Hz)_-_Análise_de_Rede_-_CF-PLM_EEG-ECG_Sem_Outliers.png  used on input line 322.
(pdftex.def)             Requested size: 364.00139pt x 235.4056pt.
<figs/7_bootstrap_results_analysis/2_network_graphs/CF-PLM_EEG-ECG_Sem_Outliers/Banda_Gamma_(30_Hz_a_60_Hz)_-_Análise_de_Rede_-_CF-PLM_EEG-ECG_Sem_Outliers.png, id=678, 906.2658pt x 586.1097pt>
File: figs/7_bootstrap_results_analysis/2_network_graphs/CF-PLM_EEG-ECG_Sem_Outliers/Banda_Gamma_(30_Hz_a_60_Hz)_-_Análise_de_Rede_-_CF-PLM_EEG-ECG_Sem_Outliers.png Graphic file (type png)
<use figs/7_bootstrap_results_analysis/2_network_graphs/CF-PLM_EEG-ECG_Sem_Outliers/Banda_Gamma_(30_Hz_a_60_Hz)_-_Análise_de_Rede_-_CF-PLM_EEG-ECG_Sem_Outliers.png>
Package pdftex.def Info: figs/7_bootstrap_results_analysis/2_network_graphs/CF-PLM_EEG-ECG_Sem_Outliers/Banda_Gamma_(30_Hz_a_60_Hz)_-_Análise_de_Rede_-_CF-PLM_EEG-ECG_Sem_Outliers.png  used on input line 330.
(pdftex.def)             Requested size: 364.00139pt x 235.4056pt.
<figs/7_bootstrap_results_analysis/2_network_graphs/CF-PLM_EEG-ECG_Com_Outliers/Banda_Delta_(0.5_a_4_Hz)_-_Análise_de_Rede_-_CF-PLM_EEG-ECG_Com_Outliers.png, id=679, 906.2658pt x 586.1097pt>
File: figs/7_bootstrap_results_analysis/2_network_graphs/CF-PLM_EEG-ECG_Com_Outliers/Banda_Delta_(0.5_a_4_Hz)_-_Análise_de_Rede_-_CF-PLM_EEG-ECG_Com_Outliers.png Graphic file (type png)
<use figs/7_bootstrap_results_analysis/2_network_graphs/CF-PLM_EEG-ECG_Com_Outliers/Banda_Delta_(0.5_a_4_Hz)_-_Análise_de_Rede_-_CF-PLM_EEG-ECG_Com_Outliers.png>
Package pdftex.def Info: figs/7_bootstrap_results_analysis/2_network_graphs/CF-PLM_EEG-ECG_Com_Outliers/Banda_Delta_(0.5_a_4_Hz)_-_Análise_de_Rede_-_CF-PLM_EEG-ECG_Com_Outliers.png  used on input line 339.
(pdftex.def)             Requested size: 364.00139pt x 235.4056pt.
<figs/7_bootstrap_results_analysis/2_network_graphs/CF-PLM_EEG-ECG_Com_Outliers/Banda_Theta_(4_Hz_a_8_Hz)_-_Análise_de_Rede_-_CF-PLM_EEG-ECG_Com_Outliers.png, id=680, 906.2658pt x 586.1097pt>
File: figs/7_bootstrap_results_analysis/2_network_graphs/CF-PLM_EEG-ECG_Com_Outliers/Banda_Theta_(4_Hz_a_8_Hz)_-_Análise_de_Rede_-_CF-PLM_EEG-ECG_Com_Outliers.png Graphic file (type png)
<use figs/7_bootstrap_results_analysis/2_network_graphs/CF-PLM_EEG-ECG_Com_Outliers/Banda_Theta_(4_Hz_a_8_Hz)_-_Análise_de_Rede_-_CF-PLM_EEG-ECG_Com_Outliers.png>
Package pdftex.def Info: figs/7_bootstrap_results_analysis/2_network_graphs/CF-PLM_EEG-ECG_Com_Outliers/Banda_Theta_(4_Hz_a_8_Hz)_-_Análise_de_Rede_-_CF-PLM_EEG-ECG_Com_Outliers.png  used on input line 347.
(pdftex.def)             Requested size: 364.00139pt x 235.4056pt.
<figs/7_bootstrap_results_analysis/2_network_graphs/CF-PLM_EEG-ECG_Com_Outliers/Banda_Alpha_(8_Hz_a_13_Hz)_-_Análise_de_Rede_-_CF-PLM_EEG-ECG_Com_Outliers.png, id=681, 906.2658pt x 586.5915pt>
File: figs/7_bootstrap_results_analysis/2_network_graphs/CF-PLM_EEG-ECG_Com_Outliers/Banda_Alpha_(8_Hz_a_13_Hz)_-_Análise_de_Rede_-_CF-PLM_EEG-ECG_Com_Outliers.png Graphic file (type png)
<use figs/7_bootstrap_results_analysis/2_network_graphs/CF-PLM_EEG-ECG_Com_Outliers/Banda_Alpha_(8_Hz_a_13_Hz)_-_Análise_de_Rede_-_CF-PLM_EEG-ECG_Com_Outliers.png>
Package pdftex.def Info: figs/7_bootstrap_results_analysis/2_network_graphs/CF-PLM_EEG-ECG_Com_Outliers/Banda_Alpha_(8_Hz_a_13_Hz)_-_Análise_de_Rede_-_CF-PLM_EEG-ECG_Com_Outliers.png  used on input line 355.
(pdftex.def)             Requested size: 364.00139pt x 235.5991pt.
<figs/7_bootstrap_results_analysis/2_network_graphs/CF-PLM_EEG-ECG_Com_Outliers/Banda_Beta_(13_Hz_a_30_Hz)_-_Análise_de_Rede_-_CF-PLM_EEG-ECG_Com_Outliers.png, id=682, 906.2658pt x 586.1097pt>
File: figs/7_bootstrap_results_analysis/2_network_graphs/CF-PLM_EEG-ECG_Com_Outliers/Banda_Beta_(13_Hz_a_30_Hz)_-_Análise_de_Rede_-_CF-PLM_EEG-ECG_Com_Outliers.png Graphic file (type png)
<use figs/7_bootstrap_results_analysis/2_network_graphs/CF-PLM_EEG-ECG_Com_Outliers/Banda_Beta_(13_Hz_a_30_Hz)_-_Análise_de_Rede_-_CF-PLM_EEG-ECG_Com_Outliers.png>
Package pdftex.def Info: figs/7_bootstrap_results_analysis/2_network_graphs/CF-PLM_EEG-ECG_Com_Outliers/Banda_Beta_(13_Hz_a_30_Hz)_-_Análise_de_Rede_-_CF-PLM_EEG-ECG_Com_Outliers.png  used on input line 363.
(pdftex.def)             Requested size: 364.00139pt x 235.4056pt.
<figs/7_bootstrap_results_analysis/2_network_graphs/CF-PLM_EEG-ECG_Com_Outliers/Banda_Gamma_(30_Hz_a_60_Hz)_-_Análise_de_Rede_-_CF-PLM_EEG-ECG_Com_Outliers.png, id=683, 906.2658pt x 586.1097pt>
File: figs/7_bootstrap_results_analysis/2_network_graphs/CF-PLM_EEG-ECG_Com_Outliers/Banda_Gamma_(30_Hz_a_60_Hz)_-_Análise_de_Rede_-_CF-PLM_EEG-ECG_Com_Outliers.png Graphic file (type png)
<use figs/7_bootstrap_results_analysis/2_network_graphs/CF-PLM_EEG-ECG_Com_Outliers/Banda_Gamma_(30_Hz_a_60_Hz)_-_Análise_de_Rede_-_CF-PLM_EEG-ECG_Com_Outliers.png>
Package pdftex.def Info: figs/7_bootstrap_results_analysis/2_network_graphs/CF-PLM_EEG-ECG_Com_Outliers/Banda_Gamma_(30_Hz_a_60_Hz)_-_Análise_de_Rede_-_CF-PLM_EEG-ECG_Com_Outliers.png  used on input line 371.
(pdftex.def)             Requested size: 364.00139pt x 235.4056pt.


[64 <./figs/7_bootstrap_results_analysis/2_network_graphs/PLI_EEG-EEG_Com_Outliers/Banda_Theta_(4_Hz_a_8_Hz)_-_Análise_de_Rede_-_PLI_EEG-EEG_Com_Outliers.png>])
No file dissertacao.bbl.
(./postextual/apendices.tex

[65 <./figs/7_bootstrap_results_analysis/2_network_graphs/PLI_EEG-EEG_Com_Outliers/Banda_Alpha_(8_Hz_a_13_Hz)_-_Análise_de_Rede_-_PLI_EEG-EEG_Com_Outliers.png>]

[66 <./figs/7_bootstrap_results_analysis/2_network_graphs/PLI_EEG-EEG_Com_Outliers/Banda_Beta_(13_Hz_a_30_Hz)_-_Análise_de_Rede_-_PLI_EEG-EEG_Com_Outliers.png> <./figs/7_bootstrap_results_analysis/2_network_graphs/PLI_EEG-EEG_Com_Outliers/Banda_Gamma_(30_Hz_a_60_Hz)_-_Análise_de_Rede_-_PLI_EEG-EEG_Com_Outliers.png>]

[67 <./figs/7_bootstrap_results_analysis/2_network_graphs/CF-PLM_EEG-ECG_Sem_Outliers/Banda_Delta_(0.5_a_4_Hz)_-_Análise_de_Rede_-_CF-PLM_EEG-ECG_Sem_Outliers.png> <./figs/7_bootstrap_results_analysis/2_network_graphs/CF-PLM_EEG-ECG_Sem_Outliers/Banda_Theta_(4_Hz_a_8_Hz)_-_Análise_de_Rede_-_CF-PLM_EEG-ECG_Sem_Outliers.png>]

[68 <./figs/7_bootstrap_results_analysis/2_network_graphs/CF-PLM_EEG-ECG_Sem_Outliers/Banda_Alpha_(8_Hz_a_13_Hz)_-_Análise_de_Rede_-_CF-PLM_EEG-ECG_Sem_Outliers.png> <./figs/7_bootstrap_results_analysis/2_network_graphs/CF-PLM_EEG-ECG_Sem_Outliers/Banda_Beta_(13_Hz_a_30_Hz)_-_Análise_de_Rede_-_CF-PLM_EEG-ECG_Sem_Outliers.png>]

[69 <./figs/7_bootstrap_results_analysis/2_network_graphs/CF-PLM_EEG-ECG_Sem_Outliers/Banda_Gamma_(30_Hz_a_60_Hz)_-_Análise_de_Rede_-_CF-PLM_EEG-ECG_Sem_Outliers.png> <./figs/7_bootstrap_results_analysis/2_network_graphs/CF-PLM_EEG-ECG_Com_Outliers/Banda_Delta_(0.5_a_4_Hz)_-_Análise_de_Rede_-_CF-PLM_EEG-ECG_Com_Outliers.png>]

[70 <./figs/7_bootstrap_results_analysis/2_network_graphs/CF-PLM_EEG-ECG_Com_Outliers/Banda_Theta_(4_Hz_a_8_Hz)_-_Análise_de_Rede_-_CF-PLM_EEG-ECG_Com_Outliers.png> <./figs/7_bootstrap_results_analysis/2_network_graphs/CF-PLM_EEG-ECG_Com_Outliers/Banda_Alpha_(8_Hz_a_13_Hz)_-_Análise_de_Rede_-_CF-PLM_EEG-ECG_Com_Outliers.png>]

[71 <./figs/7_bootstrap_results_analysis/2_network_graphs/CF-PLM_EEG-ECG_Com_Outliers/Banda_Beta_(13_Hz_a_30_Hz)_-_Análise_de_Rede_-_CF-PLM_EEG-ECG_Com_Outliers.png> <./figs/7_bootstrap_results_analysis/2_network_graphs/CF-PLM_EEG-ECG_Com_Outliers/Banda_Gamma_(30_Hz_a_60_Hz)_-_Análise_de_Rede_-_CF-PLM_EEG-ECG_Com_Outliers.png>]

[72

]

[73

]

[74]

[75

]

[76

]) (./postextual/anexos.tex

[77]

[78

]

[79

]

[80]

[81

]

[82

])

[83]
\tf@lof=\write5
\openout5 = `dissertacao.lof'.

\tf@lot=\write6
\openout6 = `dissertacao.lot'.

\tf@toc=\write7
\openout7 = `dissertacao.toc'.

 
enddocument/afterlastpage (AED): lastpage setting LastPage.
(./dissertacao.aux)
 ***********
LaTeX2e <2024-11-01> patch level 2
L3 programming layer <2020/03/25>
 ***********


LaTeX Warning: There were undefined references.

 ) 
Here is how much of TeX's memory you used:
 22315 strings out of 473201
 408331 string characters out of 5720300
 908091 words of memory out of 5000000
 44600 multiletter control sequences out of 15000+600000
 648023 words of font info for 231 fonts, out of 8000000 for 9000
 1141 hyphenation exceptions out of 8191
 99i,13n,107p,1341b,746s stack positions out of 10000i,1000n,20000p,200000b,200000s
<c:/texlive/2024/texmf-dist/fonts/type1/public/lm/lmbx12.pfb><c:/texlive/2024/texmf-dist/fonts/type1/public/lm/lmex10.pfb><c:/texlive/2024/texmf-dist/fonts/type1/public/lm/lmmi12.pfb><c:/texlive/2024/texmf-dist/fonts/type1/public/lm/lmmi8.pfb><c:/texlive/2024/texmf-dist/fonts/type1/public/lm/lmr10.pfb><c:/texlive/2024/texmf-dist/fonts/type1/public/lm/lmr12.pfb><c:/texlive/2024/texmf-dist/fonts/type1/public/lm/lmr6.pfb><c:/texlive/2024/texmf-dist/fonts/type1/public/lm/lmr8.pfb><c:/texlive/2024/texmf-dist/fonts/type1/public/lm/lmri10.pfb><c:/texlive/2024/texmf-dist/fonts/type1/public/lm/lmri12.pfb><c:/texlive/2024/texmf-dist/fonts/type1/public/lm/lmss12.pfb><c:/texlive/2024/texmf-dist/fonts/type1/public/lm/lmss17.pfb><c:/texlive/2024/texmf-dist/fonts/type1/public/lm/lmssbx10.pfb><c:/texlive/2024/texmf-dist/fonts/type1/public/lm/lmsy10.pfb><c:/texlive/2024/texmf-dist/fonts/type1/public/lm/lmsy8.pfb><c:/texlive/2024/texmf-dist/fonts/type1/public/lm/lmtk10.pfb><c:/texlive/2024/texmf-dist/fonts/type1/public/lm/lmtt12.pfb>
Output written on dissertacao.pdf (107 pages, 24249754 bytes).
PDF statistics:
 1330 PDF objects out of 1440 (max. 8388607)
 1051 compressed objects within 11 object streams
 295 named destinations out of 1000 (max. 500000)
 49906 words of extra memory for PDF output out of 51595 (max. 10000000)

